2023-03-01 10:11:23.344 [com.xw.filter.FileFilter:33] ERROR  目录D:\workspace\patch\v002\CE\CEEJB\CEEJB\com\cs\batchframework不存在
2023-03-01 10:11:23.354 [com.xw.filter.FileFilter:33] ERROR  目录D:\workspace\patch\v002\CE\CEEJB\CEEJB\com\cs\batchframework不存在
2023-03-01 10:11:23.361 [com.xw.filter.FileFilter:33] ERROR  目录D:\workspace\patch\v002\CE\CEEJB\CEEJB\com\cs\batchframework不存在
2023-03-01 10:11:24.426 [com.xw.filter.FileFilter:33] ERROR  目录D:\workspace\patch\v002\CE\ProjectJARs\ProjectJARs\BOC\com\bocsoft\bfw\common\ticket\exception不存在
2023-03-01 10:11:24.429 [com.xw.filter.FileFilter:33] ERROR  目录D:\workspace\patch\v002\CE\ProjectJARs\ProjectJARs\BOC\com\bocsoft\bfw\common\ticket\exception不存在
2023-03-01 10:11:24.929 [com.xw.service.UpdateCoreServiceImpl:271] ERROR  更新第三方jar包[replaceTest.jar]时出现异常String index out of range: -1
2023-03-01 10:11:24.929 [com.xw.controller.UpdateCoreController:120] ERROR  当前CEV2.0test1中的第三方jar包更新异常
2023-03-01 10:13:37.323 [com.xw.filter.FileFilter:33] ERROR  目录D:\workspace\patch\v002\CE\CEEJB\CEEJB\com\cs\batchframework不存在
2023-03-01 10:13:37.332 [com.xw.filter.FileFilter:33] ERROR  目录D:\workspace\patch\v002\CE\CEEJB\CEEJB\com\cs\batchframework不存在
2023-03-01 10:13:37.337 [com.xw.filter.FileFilter:33] ERROR  目录D:\workspace\patch\v002\CE\CEEJB\CEEJB\com\cs\batchframework不存在
2023-03-01 10:13:38.666 [com.xw.filter.FileFilter:33] ERROR  目录D:\workspace\patch\v002\CE\ProjectJARs\ProjectJARs\BOC\com\bocsoft\bfw\common\ticket\exception不存在
2023-03-01 10:13:38.671 [com.xw.filter.FileFilter:33] ERROR  目录D:\workspace\patch\v002\CE\ProjectJARs\ProjectJARs\BOC\com\bocsoft\bfw\common\ticket\exception不存在
2023-03-01 10:13:39.987 [com.xw.service.UpdateCoreServiceImpl:271] ERROR  更新第三方jar包[replaceTest.jar]时出现异常String index out of range: -1
2023-03-01 10:13:39.987 [com.xw.controller.UpdateCoreController:120] ERROR  当前CEV2.0test1中的第三方jar包更新异常
2023-03-01 10:15:32.381 [com.xw.filter.FileFilter:33] ERROR  目录D:\workspace\patch\v002\CE\CEEJB\CEEJB\com\cs\batchframework不存在
2023-03-01 10:15:32.384 [com.xw.filter.FileFilter:33] ERROR  目录D:\workspace\patch\v002\CE\CEEJB\CEEJB\com\cs\batchframework不存在
2023-03-01 10:15:32.387 [com.xw.filter.FileFilter:33] ERROR  目录D:\workspace\patch\v002\CE\CEEJB\CEEJB\com\cs\batchframework不存在
2023-03-01 10:15:32.875 [com.xw.filter.FileFilter:33] ERROR  目录D:\workspace\patch\v002\CE\ProjectJARs\ProjectJARs\BOC\com\bocsoft\bfw\common\ticket\exception不存在
2023-03-01 10:15:32.878 [com.xw.filter.FileFilter:33] ERROR  目录D:\workspace\patch\v002\CE\ProjectJARs\ProjectJARs\BOC\com\bocsoft\bfw\common\ticket\exception不存在
2023-03-01 10:15:33.185 [com.xw.service.UpdateCoreServiceImpl:271] ERROR  更新第三方jar包[replaceTest.jar]时出现异常String index out of range: -1
2023-03-01 10:15:33.185 [com.xw.controller.UpdateCoreController:120] ERROR  当前CEV2.0test1中的第三方jar包更新异常
2023-03-01 10:37:36.777 [com.xw.filter.FileFilter:33] ERROR  目录D:\workspace\patch\v002\CE\CEEJB\CEEJB\com\cs\batchframework不存在
2023-03-01 10:37:36.780 [com.xw.filter.FileFilter:33] ERROR  目录D:\workspace\patch\v002\CE\CEEJB\CEEJB\com\cs\batchframework不存在
2023-03-01 10:37:36.782 [com.xw.filter.FileFilter:33] ERROR  目录D:\workspace\patch\v002\CE\CEEJB\CEEJB\com\cs\batchframework不存在
2023-03-01 10:37:37.569 [com.xw.filter.FileFilter:33] ERROR  目录D:\workspace\patch\v002\CE\ProjectJARs\ProjectJARs\BOC\com\bocsoft\bfw\common\ticket\exception不存在
2023-03-01 10:37:37.573 [com.xw.filter.FileFilter:33] ERROR  目录D:\workspace\patch\v002\CE\ProjectJARs\ProjectJARs\BOC\com\bocsoft\bfw\common\ticket\exception不存在
2023-03-01 10:37:38.192 [com.xw.service.UpdateCoreServiceImpl:271] ERROR  更新第三方jar包[replaceTest.jar]时出现异常String index out of range: -1
2023-03-01 10:37:38.193 [com.xw.controller.UpdateCoreController:120] ERROR  当前CEV2.0test1中的第三方jar包更新异常
2023-03-01 10:52:11.394 [com.xw.filter.FileFilter:33] ERROR  目录D:\workspace\patch\v002\CE\CEEJB\CEEJB\com\cs\batchframework不存在
2023-03-01 10:52:11.402 [com.xw.filter.FileFilter:33] ERROR  目录D:\workspace\patch\v002\CE\CEEJB\CEEJB\com\cs\batchframework不存在
2023-03-01 10:52:11.408 [com.xw.filter.FileFilter:33] ERROR  目录D:\workspace\patch\v002\CE\CEEJB\CEEJB\com\cs\batchframework不存在
2023-03-01 10:52:12.130 [com.xw.filter.FileFilter:33] ERROR  目录D:\workspace\patch\v002\CE\ProjectJARs\ProjectJARs\BOC\com\bocsoft\bfw\common\ticket\exception不存在
2023-03-01 10:52:12.134 [com.xw.filter.FileFilter:33] ERROR  目录D:\workspace\patch\v002\CE\ProjectJARs\ProjectJARs\BOC\com\bocsoft\bfw\common\ticket\exception不存在
2023-03-01 10:52:12.674 [com.xw.service.UpdateCoreServiceImpl:271] ERROR  更新第三方jar包[replaceTest.jar]时出现异常String index out of range: -1
2023-03-01 10:52:12.674 [com.xw.controller.UpdateCoreController:120] ERROR  当前CEV2.0test1中的第三方jar包更新异常
2023-03-01 10:54:48.587 [com.xw.filter.FileFilter:33] ERROR  目录D:\workspace\patch\v002\CE\CEEJB\CEEJB\com\cs\batchframework不存在
2023-03-01 10:54:48.593 [com.xw.filter.FileFilter:33] ERROR  目录D:\workspace\patch\v002\CE\CEEJB\CEEJB\com\cs\batchframework不存在
2023-03-01 10:54:48.596 [com.xw.filter.FileFilter:33] ERROR  目录D:\workspace\patch\v002\CE\CEEJB\CEEJB\com\cs\batchframework不存在
2023-03-01 10:54:49.194 [com.xw.filter.FileFilter:33] ERROR  目录D:\workspace\patch\v002\CE\ProjectJARs\ProjectJARs\BOC\com\bocsoft\bfw\common\ticket\exception不存在
2023-03-01 10:54:49.198 [com.xw.filter.FileFilter:33] ERROR  目录D:\workspace\patch\v002\CE\ProjectJARs\ProjectJARs\BOC\com\bocsoft\bfw\common\ticket\exception不存在
2023-03-01 10:54:49.626 [com.xw.service.UpdateCoreServiceImpl:271] ERROR  更新第三方jar包[replaceTest.jar]时出现异常String index out of range: -1
2023-03-01 10:54:49.626 [com.xw.controller.UpdateCoreController:120] ERROR  当前CEV2.0test1中的第三方jar包更新异常
2023-03-01 14:39:10.544 [com.xw.filter.FileFilter:33] ERROR  目录D:\workspace\patch\v002\CE\CEEJB\CEEJB\com\cs\batchframework不存在
2023-03-01 14:39:10.548 [com.xw.filter.FileFilter:33] ERROR  目录D:\workspace\patch\v002\CE\CEEJB\CEEJB\com\cs\batchframework不存在
2023-03-01 14:39:10.552 [com.xw.filter.FileFilter:33] ERROR  目录D:\workspace\patch\v002\CE\CEEJB\CEEJB\com\cs\batchframework不存在
2023-03-01 14:39:10.559 [com.xw.filter.FileFilter:33] ERROR  目录D:\workspace\patch\v002\CE\ProjectJARs\ProjectJARs\BOC\com\bocsoft\bfw\common\ticket\exception不存在
2023-03-01 14:39:10.562 [com.xw.filter.FileFilter:33] ERROR  目录D:\workspace\patch\v002\CE\ProjectJARs\ProjectJARs\BOC\com\bocsoft\bfw\common\ticket\exception不存在
2023-03-01 14:39:10.574 [com.xw.service.UpdateCoreServiceImpl:271] ERROR  更新第三方jar包[replaceTest.jar]时出现异常String index out of range: -1
2023-03-01 14:39:10.574 [com.xw.controller.UpdateCoreController:120] ERROR  当前CEV2.0test1中的第三方jar包更新异常
2023-03-01 14:40:20.715 [com.xw.filter.FileFilter:33] ERROR  目录D:\workspace\patch\v002\CE\CEEJB\CEEJB\com\cs\batchframework不存在
2023-03-01 14:40:20.726 [com.xw.filter.FileFilter:33] ERROR  目录D:\workspace\patch\v002\CE\CEEJB\CEEJB\com\cs\batchframework不存在
2023-03-01 14:40:20.731 [com.xw.filter.FileFilter:33] ERROR  目录D:\workspace\patch\v002\CE\CEEJB\CEEJB\com\cs\batchframework不存在
2023-03-01 14:40:20.740 [com.xw.filter.FileFilter:33] ERROR  目录D:\workspace\patch\v002\CE\ProjectJARs\ProjectJARs\BOC\com\bocsoft\bfw\common\ticket\exception不存在
2023-03-01 14:40:20.747 [com.xw.filter.FileFilter:33] ERROR  目录D:\workspace\patch\v002\CE\ProjectJARs\ProjectJARs\BOC\com\bocsoft\bfw\common\ticket\exception不存在
2023-03-01 14:40:20.756 [com.xw.service.UpdateCoreServiceImpl:271] ERROR  更新第三方jar包[replaceTest.jar]时出现异常String index out of range: -1
2023-03-01 14:40:20.757 [com.xw.controller.UpdateCoreController:120] ERROR  当前CEV2.0test1中的第三方jar包更新异常
2023-03-01 14:41:57.099 [com.xw.filter.FileFilter:33] ERROR  目录D:\workspace\patch\v002\CE\CEEJB\CEEJB\com\cs\batchframework不存在
2023-03-01 14:44:26.505 [com.xw.filter.FileFilter:33] ERROR  目录D:\workspace\patch\v002\CE\CEEJB\CEEJB\com\cs\batchframework不存在
2023-03-01 14:45:15.112 [com.xw.service.UpdateCoreServiceImpl:271] ERROR  更新第三方jar包[replaceTest.jar]时出现异常String index out of range: -1
2023-03-01 14:45:15.112 [com.xw.controller.UpdateCoreController:120] ERROR  当前CEV2.0test1中的第三方jar包更新异常
2023-03-01 14:45:39.421 [com.xw.filter.FileFilter:33] ERROR  目录D:\workspace\patch\v002\CE\CEEJB\CEEJB\com\cs\batchframework不存在
2023-03-01 14:47:40.092 [com.xw.filter.FileFilter:33] ERROR  目录D:\workspace\patch\v002\CE\CEEJB\com\cs\batchframework不存在
2023-03-01 14:47:46.047 [com.xw.filter.FileFilter:33] ERROR  目录D:\workspace\patch\v002\CE\CEEJB\com\cs\batchframework不存在
2023-03-01 14:47:46.055 [com.xw.filter.FileFilter:33] ERROR  目录D:\workspace\patch\v002\CE\CEEJB\com\cs\batchframework不存在
2023-03-01 14:47:46.066 [com.xw.filter.FileFilter:33] ERROR  目录D:\workspace\patch\v002\CE\ProjectJARs\BOC\com\bocsoft\bfw\common\ticket\exception不存在
2023-03-01 14:47:46.073 [com.xw.filter.FileFilter:33] ERROR  目录D:\workspace\patch\v002\CE\ProjectJARs\BOC\com\bocsoft\bfw\common\ticket\exception不存在
2023-03-01 14:47:46.084 [com.xw.service.UpdateCoreServiceImpl:269] ERROR  更新第三方jar包[replaceTest.jar]时出现异常String index out of range: -1
2023-03-01 14:47:46.085 [com.xw.controller.UpdateCoreController:120] ERROR  当前CEV2.0test1中的第三方jar包更新异常
2023-03-01 14:48:10.102 [com.xw.filter.FileFilter:33] ERROR  目录D:\workspace\patch\v002\CE\CEEJB\com\cs\batchframework不存在
2023-03-01 14:48:10.107 [com.xw.filter.FileFilter:33] ERROR  目录D:\workspace\patch\v002\CE\CEEJB\com\cs\batchframework不存在
2023-03-01 14:48:10.112 [com.xw.filter.FileFilter:33] ERROR  目录D:\workspace\patch\v002\CE\CEEJB\com\cs\batchframework不存在
2023-03-01 14:48:10.122 [com.xw.filter.FileFilter:33] ERROR  目录D:\workspace\patch\v002\CE\ProjectJARs\BOC\com\bocsoft\bfw\common\ticket\exception不存在
2023-03-01 14:48:10.128 [com.xw.filter.FileFilter:33] ERROR  目录D:\workspace\patch\v002\CE\ProjectJARs\BOC\com\bocsoft\bfw\common\ticket\exception不存在
2023-03-01 14:48:10.137 [com.xw.service.UpdateCoreServiceImpl:269] ERROR  更新第三方jar包[replaceTest.jar]时出现异常String index out of range: -1
2023-03-01 14:48:10.137 [com.xw.controller.UpdateCoreController:120] ERROR  当前CEV2.0test1中的第三方jar包更新异常
2023-03-01 14:48:21.696 [com.xw.filter.FileFilter:33] ERROR  目录D:\workspace\patch\v002\CE\CEEJB\com\cs\batchframework不存在
2023-03-01 14:48:21.700 [com.xw.filter.FileFilter:33] ERROR  目录D:\workspace\patch\v002\CE\CEEJB\com\cs\batchframework不存在
2023-03-01 14:48:21.706 [com.xw.filter.FileFilter:33] ERROR  目录D:\workspace\patch\v002\CE\CEEJB\com\cs\batchframework不存在
2023-03-01 14:48:21.714 [com.xw.filter.FileFilter:33] ERROR  目录D:\workspace\patch\v002\CE\ProjectJARs\BOC\com\bocsoft\bfw\common\ticket\exception不存在
2023-03-01 14:48:21.720 [com.xw.filter.FileFilter:33] ERROR  目录D:\workspace\patch\v002\CE\ProjectJARs\BOC\com\bocsoft\bfw\common\ticket\exception不存在
2023-03-01 14:48:21.727 [com.xw.service.UpdateCoreServiceImpl:269] ERROR  更新第三方jar包[replaceTest.jar]时出现异常String index out of range: -1
2023-03-01 14:48:21.727 [com.xw.controller.UpdateCoreController:120] ERROR  当前CEV2.0test1中的第三方jar包更新异常
2023-03-01 14:48:26.109 [com.xw.filter.FileFilter:33] ERROR  目录D:\workspace\patch\v002\CE\CEEJB\com\cs\batchframework不存在
2023-03-01 14:48:26.114 [com.xw.filter.FileFilter:33] ERROR  目录D:\workspace\patch\v002\CE\CEEJB\com\cs\batchframework不存在
2023-03-01 14:48:26.116 [com.xw.filter.FileFilter:33] ERROR  目录D:\workspace\patch\v002\CE\CEEJB\com\cs\batchframework不存在
2023-03-01 14:48:26.121 [com.xw.filter.FileFilter:33] ERROR  目录D:\workspace\patch\v002\CE\ProjectJARs\BOC\com\bocsoft\bfw\common\ticket\exception不存在
2023-03-01 14:48:26.122 [com.xw.filter.FileFilter:33] ERROR  目录D:\workspace\patch\v002\CE\ProjectJARs\BOC\com\bocsoft\bfw\common\ticket\exception不存在
2023-03-01 14:48:26.127 [com.xw.service.UpdateCoreServiceImpl:269] ERROR  更新第三方jar包[replaceTest.jar]时出现异常String index out of range: -1
2023-03-01 14:48:26.127 [com.xw.controller.UpdateCoreController:120] ERROR  当前CEV2.0test1中的第三方jar包更新异常
2023-03-01 14:49:01.243 [com.xw.filter.FileFilter:33] ERROR  目录D:\workspace\patch\v002\CE\CEEJB\com\cs\batchframework不存在
2023-03-01 14:50:33.829 [com.xw.filter.FileFilter:33] ERROR  目录D:/workspace/patch\v002\CE\CEEJB\com\cs\batchframework不存在
2023-03-01 14:50:34.650 [com.xw.filter.FileFilter:33] ERROR  目录D:/workspace/patch\v002\CE\CEEJB\com\cs\batchframework不存在
2023-03-01 14:57:29.234 [com.xw.filter.FileFilter:33] ERROR  目录D:/workspace/patch\v002\CE\CEEJB\com\cs\batchframework不存在
2023-03-01 14:59:40.285 [com.xw.service.UpdateCoreServiceImpl:269] ERROR  更新第三方jar包[replaceTest.jar]时出现异常String index out of range: -1
2023-03-01 14:59:40.285 [com.xw.controller.UpdateCoreController:120] ERROR  当前CEV2.0test1中的第三方jar包更新异常
2023-03-01 14:59:46.108 [com.xw.filter.FileFilter:33] ERROR  目录D:/workspace/patch\v002\CE\CEEJB\com\cs\batchframework不存在
2023-03-01 15:00:47.932 [com.xw.filter.FileFilter:33] ERROR  目录D:/workspace/patch\v002\CE\CEEJB\com\cs\batchframework不存在
2023-03-01 15:01:09.206 [com.xw.filter.FileFilter:33] ERROR  目录D:/workspace/patch\v002\CE\CEEJB\com\cs\batchframework不存在
2023-03-01 15:01:22.873 [com.xw.filter.FileFilter:33] ERROR  目录D:/workspace/patch\v002\CE\CEEJB\com\cs\batchframework不存在
2023-03-01 15:01:22.885 [com.xw.filter.FileFilter:33] ERROR  目录D:/workspace/patch\v002\CE\ProjectJARs\BOC\com\bocsoft\bfw\common\ticket\exception不存在
2023-03-01 15:01:23.249 [com.xw.filter.FileFilter:33] ERROR  目录D:/workspace/patch\v002\CE\ProjectJARs\BOC\com\bocsoft\bfw\common\ticket\exception不存在
2023-03-01 15:01:23.261 [com.xw.service.UpdateCoreServiceImpl:270] ERROR  更新第三方jar包[replaceTest.jar]时出现异常String index out of range: -1
2023-03-01 15:01:23.262 [com.xw.controller.UpdateCoreController:120] ERROR  当前CEV2.0test1中的第三方jar包更新异常
2023-03-01 15:01:46.251 [com.xw.filter.FileFilter:33] ERROR  目录D:/workspace/patch\v002\CE\ProjectJARs\BOC\com\bocsoft\bfw\common\ticket\exception不存在
2023-03-01 15:02:06.094 [com.xw.controller.UpdateCoreController:107] ERROR  当前CEV2.0test1中的ProjectJARs更新异常：null
2023-03-01 15:02:08.436 [com.xw.filter.FileFilter:33] ERROR  目录D:/workspace/patch\v002\CE\CEEJB\com\cs\batchframework不存在
2023-03-01 15:02:08.777 [com.xw.filter.FileFilter:33] ERROR  目录D:/workspace/patch\v002\CE\CEEJB\com\cs\batchframework不存在
2023-03-01 15:02:09.154 [com.xw.filter.FileFilter:33] ERROR  目录D:/workspace/patch\v002\CE\CEEJB\com\cs\batchframework不存在
2023-03-01 15:02:09.167 [com.xw.filter.FileFilter:33] ERROR  目录D:/workspace/patch\v002\CE\ProjectJARs\BOC\com\bocsoft\bfw\common\ticket\exception不存在
2023-03-01 15:02:09.346 [com.xw.filter.FileFilter:33] ERROR  目录D:/workspace/patch\v002\CE\ProjectJARs\BOC\com\bocsoft\bfw\common\ticket\exception不存在
2023-03-01 15:02:09.358 [com.xw.service.UpdateCoreServiceImpl:270] ERROR  更新第三方jar包[replaceTest.jar]时出现异常String index out of range: -1
2023-03-01 15:02:09.358 [com.xw.controller.UpdateCoreController:120] ERROR  当前CEV2.0test1中的第三方jar包更新异常
2023-03-01 15:03:14.556 [com.xw.filter.FileFilter:33] ERROR  目录D:/workspace/patch\v002\CE\CEEJB\com\cs\batchframework不存在
2023-03-01 15:03:14.560 [com.xw.filter.FileFilter:33] ERROR  目录D:/workspace/patch\v002\CE\CEEJB\com\cs\batchframework不存在
2023-03-01 15:03:14.566 [com.xw.filter.FileFilter:33] ERROR  目录D:/workspace/patch\v002\CE\ProjectJARs\BOC\com\bocsoft\bfw\common\ticket\exception不存在
2023-03-01 15:44:41.710 [org.apache.juli.logging.DirectJDKLog:175] ERROR  Servlet.service() for servlet [dispatcherServlet] in context with path [] threw exception [Request processing failed; nested exception is org.springframework.jdbc.UncategorizedSQLException: 
### Error updating database.  Cause: org.sqlite.SQLiteException: [SQLITE_ERROR] SQL error or missing database (table user has no column named userName)
### The error may exist in com/xw/mapper/UpdateDataEntityMapper.xml
### The error may involve com.xw.mapper.UpdateDataEntityMapper.insert
### The error occurred while executing an update
### SQL: insert into user (recordName,currentVersion,upgradeableVersion,rootDir,patchDir,parameterDir,serverType,deploymentModel,recordPath,userName)          values(?,?,?,?,?,?,?,?,?,?)
### Cause: org.sqlite.SQLiteException: [SQLITE_ERROR] SQL error or missing database (table user has no column named userName)
; uncategorized SQLException; SQL state [null]; error code [1]; [SQLITE_ERROR] SQL error or missing database (table user has no column named userName); nested exception is org.sqlite.SQLiteException: [SQLITE_ERROR] SQL error or missing database (table user has no column named userName)] with root cause
org.sqlite.SQLiteException: [SQLITE_ERROR] SQL error or missing database (table user has no column named userName)
	at org.sqlite.core.DB.newSQLException(DB.java:1030)
	at org.sqlite.core.DB.newSQLException(DB.java:1042)
	at org.sqlite.core.DB.throwex(DB.java:1007)
	at org.sqlite.core.NativeDB.prepare_utf8(Native Method)
	at org.sqlite.core.NativeDB.prepare(NativeDB.java:137)
	at org.sqlite.core.DB.prepare(DB.java:257)
	at org.sqlite.core.CorePreparedStatement.<init>(CorePreparedStatement.java:45)
	at org.sqlite.jdbc3.JDBC3PreparedStatement.<init>(JDBC3PreparedStatement.java:30)
	at org.sqlite.jdbc4.JDBC4PreparedStatement.<init>(JDBC4PreparedStatement.java:25)
	at org.sqlite.jdbc4.JDBC4Connection.prepareStatement(JDBC4Connection.java:35)
	at org.sqlite.jdbc3.JDBC3Connection.prepareStatement(JDBC3Connection.java:241)
	at org.sqlite.jdbc3.JDBC3Connection.prepareStatement(JDBC3Connection.java:205)
	at com.p6spy.engine.wrapper.ConnectionWrapper.prepareStatement(ConnectionWrapper.java:118)
	at com.zaxxer.hikari.pool.ProxyConnection.prepareStatement(ProxyConnection.java:337)
	at com.zaxxer.hikari.pool.HikariProxyConnection.prepareStatement(HikariProxyConnection.java)
	at org.apache.ibatis.executor.statement.PreparedStatementHandler.instantiateStatement(PreparedStatementHandler.java:86)
	at org.apache.ibatis.executor.statement.BaseStatementHandler.prepare(BaseStatementHandler.java:88)
	at org.apache.ibatis.executor.statement.RoutingStatementHandler.prepare(RoutingStatementHandler.java:59)
	at org.apache.ibatis.executor.SimpleExecutor.prepareStatement(SimpleExecutor.java:87)
	at org.apache.ibatis.executor.SimpleExecutor.doUpdate(SimpleExecutor.java:49)
	at org.apache.ibatis.executor.BaseExecutor.update(BaseExecutor.java:117)
	at org.apache.ibatis.executor.CachingExecutor.update(CachingExecutor.java:76)
	at org.apache.ibatis.session.defaults.DefaultSqlSession.update(DefaultSqlSession.java:194)
	at org.apache.ibatis.session.defaults.DefaultSqlSession.insert(DefaultSqlSession.java:181)
	at sun.reflect.NativeMethodAccessorImpl.invoke0(Native Method)
	at sun.reflect.NativeMethodAccessorImpl.invoke(NativeMethodAccessorImpl.java:62)
	at sun.reflect.DelegatingMethodAccessorImpl.invoke(DelegatingMethodAccessorImpl.java:43)
	at java.lang.reflect.Method.invoke(Method.java:498)
	at org.mybatis.spring.SqlSessionTemplate$SqlSessionInterceptor.invoke(SqlSessionTemplate.java:427)
	at com.sun.proxy.$Proxy58.insert(Unknown Source)
	at org.mybatis.spring.SqlSessionTemplate.insert(SqlSessionTemplate.java:272)
	at com.baomidou.mybatisplus.core.override.MybatisMapperMethod.execute(MybatisMapperMethod.java:59)
	at com.baomidou.mybatisplus.core.override.MybatisMapperProxy$PlainMethodInvoker.invoke(MybatisMapperProxy.java:148)
	at com.baomidou.mybatisplus.core.override.MybatisMapperProxy.invoke(MybatisMapperProxy.java:89)
	at com.sun.proxy.$Proxy60.insert(Unknown Source)
	at com.xw.service.UpdateCoreServiceImpl.createUpdateJARs(UpdateCoreServiceImpl.java:61)
	at com.xw.controller.UpdateCoreController.getDataEntities(UpdateCoreController.java:62)
	at sun.reflect.NativeMethodAccessorImpl.invoke0(Native Method)
	at sun.reflect.NativeMethodAccessorImpl.invoke(NativeMethodAccessorImpl.java:62)
	at sun.reflect.DelegatingMethodAccessorImpl.invoke(DelegatingMethodAccessorImpl.java:43)
	at java.lang.reflect.Method.invoke(Method.java:498)
	at org.springframework.web.method.support.InvocableHandlerMethod.doInvoke(InvocableHandlerMethod.java:205)
	at org.springframework.web.method.support.InvocableHandlerMethod.invokeForRequest(InvocableHandlerMethod.java:150)
	at org.springframework.web.servlet.mvc.method.annotation.ServletInvocableHandlerMethod.invokeAndHandle(ServletInvocableHandlerMethod.java:117)
	at org.springframework.web.servlet.mvc.method.annotation.RequestMappingHandlerAdapter.invokeHandlerMethod(RequestMappingHandlerAdapter.java:895)
	at org.springframework.web.servlet.mvc.method.annotation.RequestMappingHandlerAdapter.handleInternal(RequestMappingHandlerAdapter.java:808)
	at org.springframework.web.servlet.mvc.method.AbstractHandlerMethodAdapter.handle(AbstractHandlerMethodAdapter.java:87)
	at org.springframework.web.servlet.DispatcherServlet.doDispatch(DispatcherServlet.java:1070)
	at org.springframework.web.servlet.DispatcherServlet.doService(DispatcherServlet.java:963)
	at org.springframework.web.servlet.FrameworkServlet.processRequest(FrameworkServlet.java:1006)
	at org.springframework.web.servlet.FrameworkServlet.doPost(FrameworkServlet.java:909)
	at javax.servlet.http.HttpServlet.service(HttpServlet.java:681)
	at org.springframework.web.servlet.FrameworkServlet.service(FrameworkServlet.java:883)
	at javax.servlet.http.HttpServlet.service(HttpServlet.java:764)
	at org.apache.catalina.core.ApplicationFilterChain.internalDoFilter(ApplicationFilterChain.java:227)
	at org.apache.catalina.core.ApplicationFilterChain.doFilter(ApplicationFilterChain.java:162)
	at org.apache.tomcat.websocket.server.WsFilter.doFilter(WsFilter.java:53)
	at org.apache.catalina.core.ApplicationFilterChain.internalDoFilter(ApplicationFilterChain.java:189)
	at org.apache.catalina.core.ApplicationFilterChain.doFilter(ApplicationFilterChain.java:162)
	at org.springframework.web.filter.RequestContextFilter.doFilterInternal(RequestContextFilter.java:100)
	at org.springframework.web.filter.OncePerRequestFilter.doFilter(OncePerRequestFilter.java:117)
	at org.apache.catalina.core.ApplicationFilterChain.internalDoFilter(ApplicationFilterChain.java:189)
	at org.apache.catalina.core.ApplicationFilterChain.doFilter(ApplicationFilterChain.java:162)
	at org.springframework.web.filter.FormContentFilter.doFilterInternal(FormContentFilter.java:93)
	at org.springframework.web.filter.OncePerRequestFilter.doFilter(OncePerRequestFilter.java:117)
	at org.apache.catalina.core.ApplicationFilterChain.internalDoFilter(ApplicationFilterChain.java:189)
	at org.apache.catalina.core.ApplicationFilterChain.doFilter(ApplicationFilterChain.java:162)
	at org.springframework.web.filter.CharacterEncodingFilter.doFilterInternal(CharacterEncodingFilter.java:201)
	at org.springframework.web.filter.OncePerRequestFilter.doFilter(OncePerRequestFilter.java:117)
	at org.apache.catalina.core.ApplicationFilterChain.internalDoFilter(ApplicationFilterChain.java:189)
	at org.apache.catalina.core.ApplicationFilterChain.doFilter(ApplicationFilterChain.java:162)
	at org.apache.catalina.core.StandardWrapperValve.invoke(StandardWrapperValve.java:197)
	at org.apache.catalina.core.StandardContextValve.invoke(StandardContextValve.java:97)
	at org.apache.catalina.authenticator.AuthenticatorBase.invoke(AuthenticatorBase.java:541)
	at org.apache.catalina.core.StandardHostValve.invoke(StandardHostValve.java:135)
	at org.apache.catalina.valves.ErrorReportValve.invoke(ErrorReportValve.java:92)
	at org.apache.catalina.core.StandardEngineValve.invoke(StandardEngineValve.java:78)
	at org.apache.catalina.connector.CoyoteAdapter.service(CoyoteAdapter.java:360)
	at org.apache.coyote.http11.Http11Processor.service(Http11Processor.java:399)
	at org.apache.coyote.AbstractProcessorLight.process(AbstractProcessorLight.java:65)
	at org.apache.coyote.AbstractProtocol$ConnectionHandler.process(AbstractProtocol.java:890)
	at org.apache.tomcat.util.net.NioEndpoint$SocketProcessor.doRun(NioEndpoint.java:1789)
	at org.apache.tomcat.util.net.SocketProcessorBase.run(SocketProcessorBase.java:49)
	at org.apache.tomcat.util.threads.ThreadPoolExecutor.runWorker(ThreadPoolExecutor.java:1191)
	at org.apache.tomcat.util.threads.ThreadPoolExecutor$Worker.run(ThreadPoolExecutor.java:659)
	at org.apache.tomcat.util.threads.TaskThread$WrappingRunnable.run(TaskThread.java:61)
	at java.lang.Thread.run(Thread.java:748)
2023-03-01 15:45:54.213 [org.apache.juli.logging.DirectJDKLog:175] ERROR  Servlet.service() for servlet [dispatcherServlet] in context with path [] threw exception [Request processing failed; nested exception is org.springframework.jdbc.UncategorizedSQLException: 
### Error updating database.  Cause: org.sqlite.SQLiteException: [SQLITE_ERROR] SQL error or missing database (table user has no column named userName)
### The error may exist in com/xw/mapper/UpdateDataEntityMapper.xml
### The error may involve com.xw.mapper.UpdateDataEntityMapper.insert
### The error occurred while executing an update
### SQL: insert into user (recordName,currentVersion,upgradeableVersion,rootDir,patchDir,parameterDir,serverType,deploymentModel,recordPath,userName)          values(?,?,?,?,?,?,?,?,?,?)
### Cause: org.sqlite.SQLiteException: [SQLITE_ERROR] SQL error or missing database (table user has no column named userName)
; uncategorized SQLException; SQL state [null]; error code [1]; [SQLITE_ERROR] SQL error or missing database (table user has no column named userName); nested exception is org.sqlite.SQLiteException: [SQLITE_ERROR] SQL error or missing database (table user has no column named userName)] with root cause
org.sqlite.SQLiteException: [SQLITE_ERROR] SQL error or missing database (table user has no column named userName)
	at org.sqlite.core.DB.newSQLException(DB.java:1030)
	at org.sqlite.core.DB.newSQLException(DB.java:1042)
	at org.sqlite.core.DB.throwex(DB.java:1007)
	at org.sqlite.core.NativeDB.prepare_utf8(Native Method)
	at org.sqlite.core.NativeDB.prepare(NativeDB.java:137)
	at org.sqlite.core.DB.prepare(DB.java:257)
	at org.sqlite.core.CorePreparedStatement.<init>(CorePreparedStatement.java:45)
	at org.sqlite.jdbc3.JDBC3PreparedStatement.<init>(JDBC3PreparedStatement.java:30)
	at org.sqlite.jdbc4.JDBC4PreparedStatement.<init>(JDBC4PreparedStatement.java:25)
	at org.sqlite.jdbc4.JDBC4Connection.prepareStatement(JDBC4Connection.java:35)
	at org.sqlite.jdbc3.JDBC3Connection.prepareStatement(JDBC3Connection.java:241)
	at org.sqlite.jdbc3.JDBC3Connection.prepareStatement(JDBC3Connection.java:205)
	at com.p6spy.engine.wrapper.ConnectionWrapper.prepareStatement(ConnectionWrapper.java:118)
	at com.zaxxer.hikari.pool.ProxyConnection.prepareStatement(ProxyConnection.java:337)
	at com.zaxxer.hikari.pool.HikariProxyConnection.prepareStatement(HikariProxyConnection.java)
	at org.apache.ibatis.executor.statement.PreparedStatementHandler.instantiateStatement(PreparedStatementHandler.java:86)
	at org.apache.ibatis.executor.statement.BaseStatementHandler.prepare(BaseStatementHandler.java:88)
	at org.apache.ibatis.executor.statement.RoutingStatementHandler.prepare(RoutingStatementHandler.java:59)
	at org.apache.ibatis.executor.SimpleExecutor.prepareStatement(SimpleExecutor.java:87)
	at org.apache.ibatis.executor.SimpleExecutor.doUpdate(SimpleExecutor.java:49)
	at org.apache.ibatis.executor.BaseExecutor.update(BaseExecutor.java:117)
	at org.apache.ibatis.executor.CachingExecutor.update(CachingExecutor.java:76)
	at org.apache.ibatis.session.defaults.DefaultSqlSession.update(DefaultSqlSession.java:194)
	at org.apache.ibatis.session.defaults.DefaultSqlSession.insert(DefaultSqlSession.java:181)
	at sun.reflect.NativeMethodAccessorImpl.invoke0(Native Method)
	at sun.reflect.NativeMethodAccessorImpl.invoke(NativeMethodAccessorImpl.java:62)
	at sun.reflect.DelegatingMethodAccessorImpl.invoke(DelegatingMethodAccessorImpl.java:43)
	at java.lang.reflect.Method.invoke(Method.java:498)
	at org.mybatis.spring.SqlSessionTemplate$SqlSessionInterceptor.invoke(SqlSessionTemplate.java:427)
	at com.sun.proxy.$Proxy58.insert(Unknown Source)
	at org.mybatis.spring.SqlSessionTemplate.insert(SqlSessionTemplate.java:272)
	at com.baomidou.mybatisplus.core.override.MybatisMapperMethod.execute(MybatisMapperMethod.java:59)
	at com.baomidou.mybatisplus.core.override.MybatisMapperProxy$PlainMethodInvoker.invoke(MybatisMapperProxy.java:148)
	at com.baomidou.mybatisplus.core.override.MybatisMapperProxy.invoke(MybatisMapperProxy.java:89)
	at com.sun.proxy.$Proxy60.insert(Unknown Source)
	at com.xw.service.UpdateCoreServiceImpl.createUpdateJARs(UpdateCoreServiceImpl.java:61)
	at com.xw.controller.UpdateCoreController.getDataEntities(UpdateCoreController.java:62)
	at sun.reflect.NativeMethodAccessorImpl.invoke0(Native Method)
	at sun.reflect.NativeMethodAccessorImpl.invoke(NativeMethodAccessorImpl.java:62)
	at sun.reflect.DelegatingMethodAccessorImpl.invoke(DelegatingMethodAccessorImpl.java:43)
	at java.lang.reflect.Method.invoke(Method.java:498)
	at org.springframework.web.method.support.InvocableHandlerMethod.doInvoke(InvocableHandlerMethod.java:205)
	at org.springframework.web.method.support.InvocableHandlerMethod.invokeForRequest(InvocableHandlerMethod.java:150)
	at org.springframework.web.servlet.mvc.method.annotation.ServletInvocableHandlerMethod.invokeAndHandle(ServletInvocableHandlerMethod.java:117)
	at org.springframework.web.servlet.mvc.method.annotation.RequestMappingHandlerAdapter.invokeHandlerMethod(RequestMappingHandlerAdapter.java:895)
	at org.springframework.web.servlet.mvc.method.annotation.RequestMappingHandlerAdapter.handleInternal(RequestMappingHandlerAdapter.java:808)
	at org.springframework.web.servlet.mvc.method.AbstractHandlerMethodAdapter.handle(AbstractHandlerMethodAdapter.java:87)
	at org.springframework.web.servlet.DispatcherServlet.doDispatch(DispatcherServlet.java:1070)
	at org.springframework.web.servlet.DispatcherServlet.doService(DispatcherServlet.java:963)
	at org.springframework.web.servlet.FrameworkServlet.processRequest(FrameworkServlet.java:1006)
	at org.springframework.web.servlet.FrameworkServlet.doPost(FrameworkServlet.java:909)
	at javax.servlet.http.HttpServlet.service(HttpServlet.java:681)
	at org.springframework.web.servlet.FrameworkServlet.service(FrameworkServlet.java:883)
	at javax.servlet.http.HttpServlet.service(HttpServlet.java:764)
	at org.apache.catalina.core.ApplicationFilterChain.internalDoFilter(ApplicationFilterChain.java:227)
	at org.apache.catalina.core.ApplicationFilterChain.doFilter(ApplicationFilterChain.java:162)
	at org.apache.tomcat.websocket.server.WsFilter.doFilter(WsFilter.java:53)
	at org.apache.catalina.core.ApplicationFilterChain.internalDoFilter(ApplicationFilterChain.java:189)
	at org.apache.catalina.core.ApplicationFilterChain.doFilter(ApplicationFilterChain.java:162)
	at org.springframework.web.filter.RequestContextFilter.doFilterInternal(RequestContextFilter.java:100)
	at org.springframework.web.filter.OncePerRequestFilter.doFilter(OncePerRequestFilter.java:117)
	at org.apache.catalina.core.ApplicationFilterChain.internalDoFilter(ApplicationFilterChain.java:189)
	at org.apache.catalina.core.ApplicationFilterChain.doFilter(ApplicationFilterChain.java:162)
	at org.springframework.web.filter.FormContentFilter.doFilterInternal(FormContentFilter.java:93)
	at org.springframework.web.filter.OncePerRequestFilter.doFilter(OncePerRequestFilter.java:117)
	at org.apache.catalina.core.ApplicationFilterChain.internalDoFilter(ApplicationFilterChain.java:189)
	at org.apache.catalina.core.ApplicationFilterChain.doFilter(ApplicationFilterChain.java:162)
	at org.springframework.web.filter.CharacterEncodingFilter.doFilterInternal(CharacterEncodingFilter.java:201)
	at org.springframework.web.filter.OncePerRequestFilter.doFilter(OncePerRequestFilter.java:117)
	at org.apache.catalina.core.ApplicationFilterChain.internalDoFilter(ApplicationFilterChain.java:189)
	at org.apache.catalina.core.ApplicationFilterChain.doFilter(ApplicationFilterChain.java:162)
	at org.apache.catalina.core.StandardWrapperValve.invoke(StandardWrapperValve.java:197)
	at org.apache.catalina.core.StandardContextValve.invoke(StandardContextValve.java:97)
	at org.apache.catalina.authenticator.AuthenticatorBase.invoke(AuthenticatorBase.java:541)
	at org.apache.catalina.core.StandardHostValve.invoke(StandardHostValve.java:135)
	at org.apache.catalina.valves.ErrorReportValve.invoke(ErrorReportValve.java:92)
	at org.apache.catalina.core.StandardEngineValve.invoke(StandardEngineValve.java:78)
	at org.apache.catalina.connector.CoyoteAdapter.service(CoyoteAdapter.java:360)
	at org.apache.coyote.http11.Http11Processor.service(Http11Processor.java:399)
	at org.apache.coyote.AbstractProcessorLight.process(AbstractProcessorLight.java:65)
	at org.apache.coyote.AbstractProtocol$ConnectionHandler.process(AbstractProtocol.java:890)
	at org.apache.tomcat.util.net.NioEndpoint$SocketProcessor.doRun(NioEndpoint.java:1789)
	at org.apache.tomcat.util.net.SocketProcessorBase.run(SocketProcessorBase.java:49)
	at org.apache.tomcat.util.threads.ThreadPoolExecutor.runWorker(ThreadPoolExecutor.java:1191)
	at org.apache.tomcat.util.threads.ThreadPoolExecutor$Worker.run(ThreadPoolExecutor.java:659)
	at org.apache.tomcat.util.threads.TaskThread$WrappingRunnable.run(TaskThread.java:61)
	at java.lang.Thread.run(Thread.java:748)
