2023-02-27 10:50:36.765 [com.xw.filter.FileFilter:33] ERROR  目录D:\workspace\patch\v002\CE\CEWeb.war\com\cs\ceweb\catalog\clause不存在
2023-02-27 10:50:36.777 [com.xw.filter.FileFilter:33] ERROR  目录D:\workspace\patch\v002\CE\CEEJB\CEEJB\com\cs\batchframework不存在
2023-02-27 10:50:36.783 [com.xw.filter.FileFilter:33] ERROR  目录D:\workspace\patch\v002\CE\CEEJB\CEEJB\com\cs\batchframework不存在
2023-02-27 10:50:36.788 [com.xw.filter.FileFilter:33] ERROR  目录D:\workspace\patch\v002\CE\CEEJB\CEEJB\com\cs\batchframework不存在
2023-02-27 10:50:36.797 [com.xw.filter.FileFilter:33] ERROR  目录D:\workspace\patch\v002\CE\ProjectJARs\ProjectJARs\BOC\com\bocsoft\bfw\common\ticket\exception不存在
2023-02-27 10:50:36.803 [com.xw.filter.FileFilter:33] ERROR  目录D:\workspace\patch\v002\CE\ProjectJARs\ProjectJARs\BOC\com\bocsoft\bfw\common\ticket\exception不存在
2023-02-27 10:50:36.812 [com.xw.service.UpdateCoreServiceImpl:268] ERROR  更新第三方jar包[replaceTest.jar]时出现异常String index out of range: -1
2023-02-27 10:50:36.812 [com.xw.controller.UpdateCoreController:120] ERROR  当前CEV2.0test1中的第三方jar包更新异常
2023-02-27 10:50:36.822 [com.xw.service.UpdateCoreServiceImpl:222] ERROR  admin 压缩jar包出现异常：方法zipDocuments 发生错误: {}
2023-02-27 11:25:35.738 [com.xw.filter.FileFilter:33] ERROR  目录D:\workspace\patch\v002\CE\CEWeb.war\com\cs\ceweb\catalog\clause不存在
2023-02-27 11:25:35.747 [com.xw.filter.FileFilter:33] ERROR  目录D:\workspace\patch\v002\CE\CEEJB\CEEJB\com\cs\batchframework不存在
2023-02-27 11:25:35.753 [com.xw.filter.FileFilter:33] ERROR  目录D:\workspace\patch\v002\CE\CEEJB\CEEJB\com\cs\batchframework不存在
2023-02-27 11:25:35.758 [com.xw.filter.FileFilter:33] ERROR  目录D:\workspace\patch\v002\CE\CEEJB\CEEJB\com\cs\batchframework不存在
2023-02-27 11:25:35.764 [com.xw.filter.FileFilter:33] ERROR  目录D:\workspace\patch\v002\CE\ProjectJARs\ProjectJARs\BOC\com\bocsoft\bfw\common\ticket\exception不存在
2023-02-27 11:25:35.767 [com.xw.filter.FileFilter:33] ERROR  目录D:\workspace\patch\v002\CE\ProjectJARs\ProjectJARs\BOC\com\bocsoft\bfw\common\ticket\exception不存在
2023-02-27 11:25:35.774 [com.xw.service.UpdateCoreServiceImpl:268] ERROR  更新第三方jar包[replaceTest.jar]时出现异常String index out of range: -1
2023-02-27 11:25:35.774 [com.xw.controller.UpdateCoreController:120] ERROR  当前CEV2.0test1中的第三方jar包更新异常
2023-02-27 11:25:59.351 [com.xw.service.UpdateCoreServiceImpl:222] ERROR  admin 压缩jar包出现异常：方法zipDocuments 发生错误: {}
2023-02-27 11:27:43.808 [com.xw.filter.FileFilter:33] ERROR  目录D:\workspace\patch\v002\CE\CEWeb.war\com\cs\ceweb\catalog\clause不存在
2023-02-27 11:27:43.820 [com.xw.filter.FileFilter:33] ERROR  目录D:\workspace\patch\v002\CE\CEEJB\CEEJB\com\cs\batchframework不存在
2023-02-27 11:27:43.829 [com.xw.filter.FileFilter:33] ERROR  目录D:\workspace\patch\v002\CE\CEEJB\CEEJB\com\cs\batchframework不存在
2023-02-27 11:27:43.833 [com.xw.filter.FileFilter:33] ERROR  目录D:\workspace\patch\v002\CE\CEEJB\CEEJB\com\cs\batchframework不存在
2023-02-27 11:27:43.838 [com.xw.filter.FileFilter:33] ERROR  目录D:\workspace\patch\v002\CE\ProjectJARs\ProjectJARs\BOC\com\bocsoft\bfw\common\ticket\exception不存在
2023-02-27 11:27:43.841 [com.xw.filter.FileFilter:33] ERROR  目录D:\workspace\patch\v002\CE\ProjectJARs\ProjectJARs\BOC\com\bocsoft\bfw\common\ticket\exception不存在
2023-02-27 11:27:43.849 [com.xw.service.UpdateCoreServiceImpl:271] ERROR  更新第三方jar包[replaceTest.jar]时出现异常String index out of range: -1
2023-02-27 11:27:43.849 [com.xw.controller.UpdateCoreController:120] ERROR  当前CEV2.0test1中的第三方jar包更新异常
