2023-03-06 14:11:46.577 [com.xw.filter.FileFilter:33] ERROR  目录D:\workspace\patch\v002\CE\CEEJB\com\cs\batchframework不存在
2023-03-06 14:11:46.580 [com.xw.filter.FileFilter:33] ERROR  目录D:\workspace\patch\v002\CE\CEEJB\com\cs\batchframework不存在
2023-03-06 14:11:46.593 [com.xw.service.UpdateCoreServiceImpl:270] ERROR  更新第三方jar包[replaceTest.jar]时出现异常String index out of range: -1
2023-03-06 14:11:46.593 [com.xw.controller.UpdateCoreController:121] ERROR  当前CEV2.0test1中的第三方jar包更新异常
2023-03-06 14:11:46.601 [com.xw.service.UpdateCoreServiceImpl:270] ERROR  更新第三方jar包[replaceTest.jar]时出现异常String index out of range: -1
2023-03-06 14:11:46.601 [com.xw.controller.UpdateCoreController:121] ERROR  当前CEV3.0test1中的第三方jar包更新异常
2023-03-06 14:11:47.143 [com.xw.service.UpdateCoreServiceImpl:224] ERROR  admin 压缩jar包出现异常：方法zipDocuments 发生错误: {}
2023-03-06 14:11:47.143 [com.xw.controller.UpdateCoreController:132] ERROR  压缩jar包出现异常
2023-03-06 14:12:40.117 [com.xw.filter.FileFilter:33] ERROR  目录D:\workspace\patch\v002\CE\CEEJB\com\cs\batchframework不存在
2023-03-06 14:12:40.120 [com.xw.filter.FileFilter:33] ERROR  目录D:\workspace\patch\v002\CE\CEEJB\com\cs\batchframework不存在
2023-03-06 14:12:40.136 [com.xw.service.UpdateCoreServiceImpl:270] ERROR  更新第三方jar包[replaceTest.jar]时出现异常String index out of range: -1
2023-03-06 14:12:40.136 [com.xw.controller.UpdateCoreController:121] ERROR  当前CEV2.0test1中的第三方jar包更新异常
2023-03-06 14:12:40.145 [com.xw.service.UpdateCoreServiceImpl:270] ERROR  更新第三方jar包[replaceTest.jar]时出现异常String index out of range: -1
2023-03-06 14:12:40.146 [com.xw.controller.UpdateCoreController:121] ERROR  当前CEV3.0test1中的第三方jar包更新异常
2023-03-06 14:20:03.650 [com.xw.filter.FileFilter:33] ERROR  目录D:\workspace\patch\v002\CE\CEEJB\com\cs\batchframework不存在
2023-03-06 14:20:03.654 [com.xw.filter.FileFilter:33] ERROR  目录D:\workspace\patch\v002\CE\CEEJB\com\cs\batchframework不存在
2023-03-06 14:20:03.666 [com.xw.service.UpdateCoreServiceImpl:270] ERROR  更新第三方jar包[replaceTest.jar]时出现异常String index out of range: -1
2023-03-06 14:20:03.666 [com.xw.controller.UpdateCoreController:121] ERROR  当前CEV2.0test1中的第三方jar包更新异常
2023-03-06 14:20:03.675 [com.xw.service.UpdateCoreServiceImpl:270] ERROR  更新第三方jar包[replaceTest.jar]时出现异常String index out of range: -1
2023-03-06 14:20:03.675 [com.xw.controller.UpdateCoreController:121] ERROR  当前CEV3.0test1中的第三方jar包更新异常
2023-03-06 14:22:05.295 [com.xw.filter.FileFilter:33] ERROR  目录D:\workspace\patch\v002\CE\CEEJB\com\cs\batchframework不存在
2023-03-06 14:22:05.299 [com.xw.filter.FileFilter:33] ERROR  目录D:\workspace\patch\v002\CE\CEEJB\com\cs\batchframework不存在
2023-03-06 14:22:05.318 [com.xw.service.UpdateCoreServiceImpl:270] ERROR  更新第三方jar包[replaceTest.jar]时出现异常String index out of range: -1
2023-03-06 14:22:05.320 [com.xw.controller.UpdateCoreController:121] ERROR  当前CEV2.0test1中的第三方jar包更新异常
2023-03-06 14:22:05.327 [com.xw.service.UpdateCoreServiceImpl:270] ERROR  更新第三方jar包[replaceTest.jar]时出现异常String index out of range: -1
2023-03-06 14:22:05.327 [com.xw.controller.UpdateCoreController:121] ERROR  当前CEV3.0test1中的第三方jar包更新异常
2023-03-06 14:22:09.018 [com.xw.service.UpdateCoreServiceImpl:224] ERROR  admin 压缩jar包出现异常：方法zipDocuments 发生错误: {}
2023-03-06 14:23:24.857 [com.xw.filter.FileFilter:33] ERROR  目录D:\workspace\patch\v002\CE\CEEJB\com\cs\batchframework不存在
2023-03-06 14:23:24.860 [com.xw.filter.FileFilter:33] ERROR  目录D:\workspace\patch\v002\CE\CEEJB\com\cs\batchframework不存在
2023-03-06 14:23:24.872 [com.xw.service.UpdateCoreServiceImpl:270] ERROR  更新第三方jar包[replaceTest.jar]时出现异常String index out of range: -1
2023-03-06 14:23:24.872 [com.xw.controller.UpdateCoreController:121] ERROR  当前CEV2.0test1中的第三方jar包更新异常
2023-03-06 14:23:24.880 [com.xw.service.UpdateCoreServiceImpl:270] ERROR  更新第三方jar包[replaceTest.jar]时出现异常String index out of range: -1
2023-03-06 14:23:24.880 [com.xw.controller.UpdateCoreController:121] ERROR  当前CEV3.0test1中的第三方jar包更新异常
2023-03-06 14:24:07.692 [com.xw.filter.FileFilter:33] ERROR  目录D:\workspace\patch\v002\CE\CEEJB\com\cs\batchframework不存在
2023-03-06 14:24:07.695 [com.xw.filter.FileFilter:33] ERROR  目录D:\workspace\patch\v002\CE\CEEJB\com\cs\batchframework不存在
2023-03-06 14:24:07.709 [com.xw.service.UpdateCoreServiceImpl:270] ERROR  更新第三方jar包[replaceTest.jar]时出现异常String index out of range: -1
2023-03-06 14:24:07.710 [com.xw.controller.UpdateCoreController:121] ERROR  当前CEV2.0test1中的第三方jar包更新异常
2023-03-06 14:24:07.717 [com.xw.service.UpdateCoreServiceImpl:270] ERROR  更新第三方jar包[replaceTest.jar]时出现异常String index out of range: -1
2023-03-06 14:24:07.717 [com.xw.controller.UpdateCoreController:121] ERROR  当前CEV3.0test1中的第三方jar包更新异常
2023-03-06 14:24:28.607 [com.xw.service.UpdateCoreServiceImpl:224] ERROR  admin 压缩jar包出现异常：方法zipDocuments 发生错误: {}
2023-03-06 14:25:45.192 [com.xw.filter.FileFilter:33] ERROR  目录D:\workspace\patch\v002\CE\CEEJB\com\cs\batchframework不存在
2023-03-06 14:25:45.196 [com.xw.filter.FileFilter:33] ERROR  目录D:\workspace\patch\v002\CE\CEEJB\com\cs\batchframework不存在
2023-03-06 14:25:45.209 [com.xw.service.UpdateCoreServiceImpl:270] ERROR  更新第三方jar包[replaceTest.jar]时出现异常String index out of range: -1
2023-03-06 14:25:45.210 [com.xw.controller.UpdateCoreController:121] ERROR  当前CEV2.0test1中的第三方jar包更新异常
2023-03-06 14:25:45.218 [com.xw.service.UpdateCoreServiceImpl:270] ERROR  更新第三方jar包[replaceTest.jar]时出现异常String index out of range: -1
2023-03-06 14:25:45.219 [com.xw.controller.UpdateCoreController:121] ERROR  当前CEV3.0test1中的第三方jar包更新异常
2023-03-06 14:27:25.675 [com.xw.filter.FileFilter:33] ERROR  目录D:\workspace\patch\v002\CE\CEEJB\com\cs\batchframework不存在
2023-03-06 14:27:25.679 [com.xw.filter.FileFilter:33] ERROR  目录D:\workspace\patch\v002\CE\CEEJB\com\cs\batchframework不存在
2023-03-06 14:27:25.692 [com.xw.service.UpdateCoreServiceImpl:270] ERROR  更新第三方jar包[replaceTest.jar]时出现异常String index out of range: -1
2023-03-06 14:27:25.692 [com.xw.controller.UpdateCoreController:121] ERROR  当前CEV2.0test1中的第三方jar包更新异常
2023-03-06 14:27:25.703 [com.xw.service.UpdateCoreServiceImpl:270] ERROR  更新第三方jar包[replaceTest.jar]时出现异常String index out of range: -1
2023-03-06 14:27:25.703 [com.xw.controller.UpdateCoreController:121] ERROR  当前CEV3.0test1中的第三方jar包更新异常
2023-03-06 14:28:56.799 [com.xw.filter.FileFilter:33] ERROR  目录D:\workspace\patch\v002\CE\CEEJB\com\cs\batchframework不存在
2023-03-06 14:28:56.802 [com.xw.filter.FileFilter:33] ERROR  目录D:\workspace\patch\v002\CE\CEEJB\com\cs\batchframework不存在
2023-03-06 14:28:56.815 [com.xw.service.UpdateCoreServiceImpl:270] ERROR  更新第三方jar包[replaceTest.jar]时出现异常String index out of range: -1
2023-03-06 14:28:56.815 [com.xw.controller.UpdateCoreController:121] ERROR  当前CEV2.0test1中的第三方jar包更新异常
2023-03-06 14:28:56.821 [com.xw.service.UpdateCoreServiceImpl:270] ERROR  更新第三方jar包[replaceTest.jar]时出现异常String index out of range: -1
2023-03-06 14:28:56.821 [com.xw.controller.UpdateCoreController:121] ERROR  当前CEV3.0test1中的第三方jar包更新异常
2023-03-06 14:34:14.618 [com.xw.filter.FileFilter:33] ERROR  目录D:\workspace\patch\v002\CE\CEEJB\com\cs\batchframework不存在
2023-03-06 14:34:14.622 [com.xw.filter.FileFilter:33] ERROR  目录D:\workspace\patch\v002\CE\CEEJB\com\cs\batchframework不存在
2023-03-06 14:34:14.631 [com.xw.service.UpdateCoreServiceImpl:270] ERROR  更新第三方jar包[replaceTest.jar]时出现异常String index out of range: -1
2023-03-06 14:34:14.631 [com.xw.controller.UpdateCoreController:121] ERROR  当前CEV2.0test1中的第三方jar包更新异常
2023-03-06 14:34:14.639 [com.xw.service.UpdateCoreServiceImpl:270] ERROR  更新第三方jar包[replaceTest.jar]时出现异常String index out of range: -1
2023-03-06 14:34:14.640 [com.xw.controller.UpdateCoreController:121] ERROR  当前CEV3.0test1中的第三方jar包更新异常
2023-03-06 14:34:59.199 [com.xw.filter.FileFilter:33] ERROR  目录D:\workspace\patch\v002\CE\CEEJB\com\cs\batchframework不存在
2023-03-06 14:34:59.201 [com.xw.filter.FileFilter:33] ERROR  目录D:\workspace\patch\v002\CE\CEEJB\com\cs\batchframework不存在
2023-03-06 14:34:59.206 [com.xw.service.UpdateCoreServiceImpl:270] ERROR  更新第三方jar包[replaceTest.jar]时出现异常String index out of range: -1
2023-03-06 14:34:59.206 [com.xw.controller.UpdateCoreController:121] ERROR  当前CEV2.0test1中的第三方jar包更新异常
2023-03-06 14:34:59.214 [com.xw.service.UpdateCoreServiceImpl:270] ERROR  更新第三方jar包[replaceTest.jar]时出现异常String index out of range: -1
2023-03-06 14:34:59.215 [com.xw.controller.UpdateCoreController:121] ERROR  当前CEV3.0test1中的第三方jar包更新异常
