2023-02-28 10:35:40.592 [com.xw.filter.FileFilter:33] ERROR  目录D:\workspace\patch\v002\CE\CEWeb.war\com\cs\ceweb\catalog\clause不存在
2023-02-28 10:35:40.604 [com.xw.filter.FileFilter:33] ERROR  目录D:\workspace\patch\v002\CE\CEEJB\CEEJB\com\cs\batchframework不存在
2023-02-28 10:35:40.608 [com.xw.filter.FileFilter:33] ERROR  目录D:\workspace\patch\v002\CE\CEEJB\CEEJB\com\cs\batchframework不存在
2023-02-28 10:35:40.613 [com.xw.filter.FileFilter:33] ERROR  目录D:\workspace\patch\v002\CE\CEEJB\CEEJB\com\cs\batchframework不存在
2023-02-28 10:35:40.623 [com.xw.filter.FileFilter:33] ERROR  目录D:\workspace\patch\v002\CE\ProjectJARs\ProjectJARs\BOC\com\bocsoft\bfw\common\ticket\exception不存在
2023-02-28 10:35:40.627 [com.xw.filter.FileFilter:33] ERROR  目录D:\workspace\patch\v002\CE\ProjectJARs\ProjectJARs\BOC\com\bocsoft\bfw\common\ticket\exception不存在
2023-02-28 10:35:40.636 [com.xw.service.UpdateCoreServiceImpl:271] ERROR  更新第三方jar包[replaceTest.jar]时出现异常String index out of range: -1
2023-02-28 10:35:40.637 [com.xw.controller.UpdateCoreController:120] ERROR  当前CEV2.0test1中的第三方jar包更新异常
2023-02-28 10:39:21.986 [com.xw.filter.FileFilter:33] ERROR  目录D:\workspace\patch\v002\CE\CEWeb.war\com\cs\ceweb\catalog\clause不存在
2023-02-28 10:40:21.554 [com.xw.filter.FileFilter:33] ERROR  目录D:\workspace\patch\v002\CE\CEWeb.war\com\cs\ceweb\catalog\clause不存在
2023-02-28 10:42:42.933 [com.xw.filter.FileFilter:33] ERROR  目录D:\workspace\patch\v002\CE\CEWeb.war\com\cs\ceweb\catalog\clause不存在
2023-02-28 10:44:26.333 [com.xw.filter.FileFilter:33] ERROR  目录D:\workspace\patch\v002\CE\CEWeb.war\com\cs\ceweb\catalog\clause不存在
2023-02-28 14:20:03.308 [com.xw.filter.FileFilter:33] ERROR  目录D:\workspace\patch\v002\CE\CEEJB\CEEJB\com\cs\batchframework不存在
2023-02-28 14:20:03.313 [com.xw.filter.FileFilter:33] ERROR  目录D:\workspace\patch\v002\CE\CEEJB\CEEJB\com\cs\batchframework不存在
2023-02-28 14:20:03.317 [com.xw.filter.FileFilter:33] ERROR  目录D:\workspace\patch\v002\CE\CEEJB\CEEJB\com\cs\batchframework不存在
2023-02-28 14:20:04.227 [com.xw.filter.FileFilter:33] ERROR  目录D:\workspace\patch\v002\CE\ProjectJARs\ProjectJARs\BOC\com\bocsoft\bfw\common\ticket\exception不存在
2023-02-28 14:20:04.231 [com.xw.filter.FileFilter:33] ERROR  目录D:\workspace\patch\v002\CE\ProjectJARs\ProjectJARs\BOC\com\bocsoft\bfw\common\ticket\exception不存在
2023-02-28 14:20:05.005 [com.xw.service.UpdateCoreServiceImpl:271] ERROR  更新第三方jar包[replaceTest.jar]时出现异常String index out of range: -1
2023-02-28 14:20:05.005 [com.xw.controller.UpdateCoreController:120] ERROR  当前CEV2.0test1中的第三方jar包更新异常
2023-02-28 14:20:36.387 [com.xw.filter.FileFilter:33] ERROR  目录D:\workspace\patch\v002\CE\CEEJB\CEEJB\com\cs\batchframework不存在
2023-02-28 14:20:36.390 [com.xw.filter.FileFilter:33] ERROR  目录D:\workspace\patch\v002\CE\CEEJB\CEEJB\com\cs\batchframework不存在
2023-02-28 14:20:36.394 [com.xw.filter.FileFilter:33] ERROR  目录D:\workspace\patch\v002\CE\CEEJB\CEEJB\com\cs\batchframework不存在
2023-02-28 14:20:36.956 [com.xw.filter.FileFilter:33] ERROR  目录D:\workspace\patch\v002\CE\ProjectJARs\ProjectJARs\BOC\com\bocsoft\bfw\common\ticket\exception不存在
2023-02-28 14:20:36.958 [com.xw.filter.FileFilter:33] ERROR  目录D:\workspace\patch\v002\CE\ProjectJARs\ProjectJARs\BOC\com\bocsoft\bfw\common\ticket\exception不存在
2023-02-28 14:20:37.379 [com.xw.service.UpdateCoreServiceImpl:271] ERROR  更新第三方jar包[replaceTest.jar]时出现异常String index out of range: -1
2023-02-28 14:20:37.379 [com.xw.controller.UpdateCoreController:120] ERROR  当前CEV2.0test1中的第三方jar包更新异常
