2023-02-20 13:24:32.649 [org.apache.juli.logging.DirectJDKLog:173] INFO   Initializing Spring DispatcherServlet 'dispatcherServlet'
2023-02-20 13:24:32.654 [org.springframework.web.servlet.FrameworkServlet:525] INFO   Initializing Servlet 'dispatcherServlet'
2023-02-20 13:24:32.664 [org.springframework.web.servlet.FrameworkServlet:547] INFO   Completed initialization in 10 ms
2023-02-20 13:24:32.766 [com.xw.service.ReadXMLServiceImpl:111] INFO   读取配置xml完成
2023-02-20 13:24:32.766 [com.xw.controller.UpdateCoreController:50] INFO   返回当前需要升级的文件信息 [ParameterListEntity [refNo=CEV2.0test1, parameterEntities=[ParameterEntity [packageName=CEWeb.war, jarName=, updateFiles=[CEWeb.war\com/cs/ce/rest/service/CERecvMessgaeByAPIProcessor.class, CEWeb.war\com/cs/ceweb/catalog/clause/CEGetCataClause.class], deleteFiles=[CEWeb.war\com/cs/ceweb/catalog/clause/t2.txt]], ParameterEntity [packageName=CEEJB, jarName=CEEJB.jar, updateFiles=[CEEJB\com/cs/batchframework/BatchFrameHelper.class, CEEJB\com/cs/batchframework/SubfileBatchHandler.class], deleteFiles=[CEEJB\com/cs/batchframework/t1.txt]], ParameterEntity [packageName=ProjectJARs, jarName=ProjectJARs.jar, updateFiles=[ProjectJARs/BOC/com/bocsoft/bfw/common/ticket/exception/TicketAccessException.class], deleteFiles=[ProjectJARs/BOC/com/bocsoft/bfw/common/ticket/exception/t3.txt]]], updateJars=[replaceTest.jar], deleteJars=[deleteTest.jar]], ParameterListEntity [refNo=CEV2.0test2, parameterEntities=[], updateJars=[], deleteJars=[]]]
2023-02-20 13:24:32.768 [com.xw.service.UpdateCoreServiceImpl:41] INFO   CE 文件夹已创建
2023-02-20 13:24:33.806 [com.xw.service.UpdateCoreServiceImpl:52] INFO   JARs_Old 文件夹已创建
2023-02-20 13:24:33.806 [com.xw.service.UpdateCoreServiceImpl:58] INFO   JARs_New 文件夹已创建
2023-02-20 13:24:33.836 [com.xw.service.UpdateCoreServiceImpl:63] INFO   updateDataEntity已经存入jar表
2023-02-20 13:24:41.729 [com.xw.service.OperationServiceImpl:54] INFO   正在解压: D:\workspace\admin\CE\CEEJB.jar
2023-02-20 13:24:42.172 [com.xw.service.OperationServiceImpl:54] INFO   正在解压: D:\workspace\patch\v002\CE\CEEJB.jar
2023-02-20 13:24:42.333 [com.xw.service.OperationServiceImpl:54] INFO   正在解压: D:\workspace\admin\CE\ProjectJARs.jar
2023-02-20 13:24:42.390 [com.xw.service.OperationServiceImpl:54] INFO   正在解压: D:\workspace\patch\v002\CE\ProjectJARs.jar
2023-02-20 13:25:32.257 [org.springframework.boot.admin.SpringApplicationAdminMXBeanRegistrar$SpringApplicationAdmin:159] INFO   Application shutdown requested.
2023-02-20 13:25:32.317 [org.apache.juli.logging.DirectJDKLog:173] INFO   Pausing ProtocolHandler ["http-nio-8090"]
2023-02-20 13:25:32.317 [org.apache.juli.logging.DirectJDKLog:173] INFO   Stopping service [Tomcat]
2023-02-20 13:25:32.318 [org.apache.juli.logging.DirectJDKLog:173] INFO   Destroying Spring FrameworkServlet 'dispatcherServlet'
2023-02-20 13:25:32.320 [org.apache.juli.logging.DirectJDKLog:173] WARN   The web application [ROOT] appears to have started a thread named [logback-1] but has failed to stop it. This is very likely to create a memory leak. Stack trace of thread:
 sun.misc.Unsafe.park(Native Method)
 java.util.concurrent.locks.LockSupport.park(LockSupport.java:175)
 java.util.concurrent.locks.AbstractQueuedSynchronizer$ConditionObject.await(AbstractQueuedSynchronizer.java:2039)
 java.util.concurrent.ScheduledThreadPoolExecutor$DelayedWorkQueue.take(ScheduledThreadPoolExecutor.java:1081)
 java.util.concurrent.ScheduledThreadPoolExecutor$DelayedWorkQueue.take(ScheduledThreadPoolExecutor.java:809)
 java.util.concurrent.ThreadPoolExecutor.getTask(ThreadPoolExecutor.java:1074)
 java.util.concurrent.ThreadPoolExecutor.runWorker(ThreadPoolExecutor.java:1134)
 java.util.concurrent.ThreadPoolExecutor$Worker.run(ThreadPoolExecutor.java:624)
 java.lang.Thread.run(Thread.java:748)
2023-02-20 13:25:32.321 [org.apache.juli.logging.DirectJDKLog:173] INFO   Stopping ProtocolHandler ["http-nio-8090"]
2023-02-20 13:25:32.323 [org.apache.juli.logging.DirectJDKLog:173] INFO   Destroying ProtocolHandler ["http-nio-8090"]
2023-02-20 13:25:32.326 [com.zaxxer.hikari.HikariDataSource:350] INFO   HikariPool-1 - Shutdown initiated...
2023-02-20 13:25:32.328 [com.zaxxer.hikari.HikariDataSource:352] INFO   HikariPool-1 - Shutdown completed.
2023-02-20 13:25:39.971 [org.springframework.boot.StartupInfoLogger:55] INFO   Starting UpdateApplication using Java 1.8.0_231 on WeilXie with PID 10936 (D:\workspace\update\target\classes started by Weil in D:\workspace\update)
2023-02-20 13:25:39.974 [org.springframework.boot.SpringApplication:634] INFO   No active profile set, falling back to 1 default profile: "default"
2023-02-20 13:25:40.651 [org.springframework.boot.web.embedded.tomcat.TomcatWebServer:108] INFO   Tomcat initialized with port(s): 8090 (http)
2023-02-20 13:25:40.658 [org.apache.juli.logging.DirectJDKLog:173] INFO   Initializing ProtocolHandler ["http-nio-8090"]
2023-02-20 13:25:40.658 [org.apache.juli.logging.DirectJDKLog:173] INFO   Starting service [Tomcat]
2023-02-20 13:25:40.658 [org.apache.juli.logging.DirectJDKLog:173] INFO   Starting Servlet engine: [Apache Tomcat/9.0.65]
2023-02-20 13:25:40.718 [org.apache.juli.logging.DirectJDKLog:173] INFO   Initializing Spring embedded WebApplicationContext
2023-02-20 13:25:40.718 [org.springframework.boot.web.servlet.context.ServletWebServerApplicationContext:292] INFO   Root WebApplicationContext: initialization completed in 715 ms
2023-02-20 13:25:41.254 [com.zaxxer.hikari.HikariDataSource:110] INFO   HikariPool-1 - Starting...
2023-02-20 13:25:41.339 [com.zaxxer.hikari.HikariDataSource:123] INFO   HikariPool-1 - Start completed.
2023-02-20 13:25:41.383 [org.apache.juli.logging.DirectJDKLog:173] INFO   Starting ProtocolHandler ["http-nio-8090"]
2023-02-20 13:25:41.396 [org.springframework.boot.web.embedded.tomcat.TomcatWebServer:220] INFO   Tomcat started on port(s): 8090 (http) with context path ''
2023-02-20 13:25:41.401 [org.springframework.boot.StartupInfoLogger:61] INFO   Started UpdateApplication in 1.731 seconds (JVM running for 2.353)
2023-02-20 13:26:41.350 [org.apache.juli.logging.DirectJDKLog:173] INFO   Initializing Spring DispatcherServlet 'dispatcherServlet'
2023-02-20 13:26:41.350 [org.springframework.web.servlet.FrameworkServlet:525] INFO   Initializing Servlet 'dispatcherServlet'
2023-02-20 13:26:41.351 [org.springframework.web.servlet.FrameworkServlet:547] INFO   Completed initialization in 1 ms
2023-02-20 13:30:21.066 [com.xw.service.ReadXMLServiceImpl:111] INFO   读取配置xml完成
2023-02-20 13:30:21.559 [com.xw.controller.UpdateCoreController:50] INFO   返回当前需要升级的文件信息 [ParameterListEntity [refNo=CEV2.0test1, parameterEntities=[ParameterEntity [packageName=CEWeb.war, jarName=, updateFiles=[CEWeb.war\com/cs/ce/rest/service/CERecvMessgaeByAPIProcessor.class, CEWeb.war\com/cs/ceweb/catalog/clause/CEGetCataClause.class], deleteFiles=[CEWeb.war\com/cs/ceweb/catalog/clause/t2.txt]], ParameterEntity [packageName=CEEJB, jarName=CEEJB.jar, updateFiles=[CEEJB\com/cs/batchframework/BatchFrameHelper.class, CEEJB\com/cs/batchframework/SubfileBatchHandler.class], deleteFiles=[CEEJB\com/cs/batchframework/t1.txt]], ParameterEntity [packageName=ProjectJARs, jarName=ProjectJARs.jar, updateFiles=[ProjectJARs/BOC/com/bocsoft/bfw/common/ticket/exception/TicketAccessException.class], deleteFiles=[ProjectJARs/BOC/com/bocsoft/bfw/common/ticket/exception/t3.txt]]], updateJars=[replaceTest.jar], deleteJars=[deleteTest.jar]], ParameterListEntity [refNo=CEV2.0test2, parameterEntities=[], updateJars=[], deleteJars=[]]]
2023-02-20 13:30:21.975 [com.xw.service.UpdateCoreServiceImpl:41] INFO   CE 文件夹已创建
2023-02-20 13:30:25.470 [com.xw.service.UpdateCoreServiceImpl:52] INFO   JARs_Old 文件夹已创建
2023-02-20 13:30:25.474 [com.xw.service.UpdateCoreServiceImpl:58] INFO   JARs_New 文件夹已创建
2023-02-20 13:30:26.532 [com.xw.service.UpdateCoreServiceImpl:63] INFO   updateDataEntity已经存入jar表
2023-02-20 13:30:32.149 [com.xw.service.OperationServiceImpl:54] INFO   正在解压: D:\workspace\admin\CE\CEEJB.jar
2023-02-20 13:30:32.400 [com.xw.service.OperationServiceImpl:54] INFO   正在解压: D:\workspace\patch\v002\CE\CEEJB.jar
2023-02-20 13:30:32.496 [com.xw.service.OperationServiceImpl:54] INFO   正在解压: D:\workspace\admin\CE\ProjectJARs.jar
2023-02-20 13:30:32.518 [com.xw.service.OperationServiceImpl:54] INFO   正在解压: D:\workspace\patch\v002\CE\ProjectJARs.jar
2023-02-20 14:00:14.229 [org.springframework.boot.StartupInfoLogger:55] INFO   Starting UpdateApplication using Java 1.8.0_231 on WeilXie with PID 7228 (D:\workspace\update\target\classes started by Weil in D:\workspace\update)
2023-02-20 14:00:14.232 [org.springframework.boot.SpringApplication:634] INFO   No active profile set, falling back to 1 default profile: "default"
2023-02-20 14:00:14.898 [org.springframework.boot.web.embedded.tomcat.TomcatWebServer:108] INFO   Tomcat initialized with port(s): 8090 (http)
2023-02-20 14:00:14.906 [org.apache.juli.logging.DirectJDKLog:173] INFO   Initializing ProtocolHandler ["http-nio-8090"]
2023-02-20 14:00:14.906 [org.apache.juli.logging.DirectJDKLog:173] INFO   Starting service [Tomcat]
2023-02-20 14:00:14.907 [org.apache.juli.logging.DirectJDKLog:173] INFO   Starting Servlet engine: [Apache Tomcat/9.0.65]
2023-02-20 14:00:14.967 [org.apache.juli.logging.DirectJDKLog:173] INFO   Initializing Spring embedded WebApplicationContext
2023-02-20 14:00:14.967 [org.springframework.boot.web.servlet.context.ServletWebServerApplicationContext:292] INFO   Root WebApplicationContext: initialization completed in 706 ms
2023-02-20 14:00:15.543 [com.zaxxer.hikari.HikariDataSource:110] INFO   HikariPool-1 - Starting...
2023-02-20 14:00:15.635 [com.zaxxer.hikari.HikariDataSource:123] INFO   HikariPool-1 - Start completed.
2023-02-20 14:00:15.677 [org.apache.juli.logging.DirectJDKLog:173] INFO   Starting ProtocolHandler ["http-nio-8090"]
2023-02-20 14:00:15.689 [org.springframework.boot.web.embedded.tomcat.TomcatWebServer:220] INFO   Tomcat started on port(s): 8090 (http) with context path ''
2023-02-20 14:00:15.695 [org.springframework.boot.StartupInfoLogger:61] INFO   Started UpdateApplication in 1.779 seconds (JVM running for 2.36)
2023-02-20 14:00:20.013 [org.apache.juli.logging.DirectJDKLog:173] INFO   Initializing Spring DispatcherServlet 'dispatcherServlet'
2023-02-20 14:00:20.013 [org.springframework.web.servlet.FrameworkServlet:525] INFO   Initializing Servlet 'dispatcherServlet'
2023-02-20 14:00:20.014 [org.springframework.web.servlet.FrameworkServlet:547] INFO   Completed initialization in 1 ms
2023-02-20 14:00:43.239 [com.xw.service.ReadXMLServiceImpl:186] INFO   读取配置xml完成
2023-02-20 14:01:26.332 [org.springframework.boot.StartupInfoLogger:55] INFO   Starting UpdateApplication using Java 1.8.0_231 on WeilXie with PID 9580 (D:\workspace\update\target\classes started by Weil in D:\workspace\update)
2023-02-20 14:01:26.334 [org.springframework.boot.SpringApplication:634] INFO   No active profile set, falling back to 1 default profile: "default"
2023-02-20 14:01:26.953 [org.springframework.boot.web.embedded.tomcat.TomcatWebServer:108] INFO   Tomcat initialized with port(s): 8090 (http)
2023-02-20 14:01:26.961 [org.apache.juli.logging.DirectJDKLog:173] INFO   Initializing ProtocolHandler ["http-nio-8090"]
2023-02-20 14:01:26.961 [org.apache.juli.logging.DirectJDKLog:173] INFO   Starting service [Tomcat]
2023-02-20 14:01:26.962 [org.apache.juli.logging.DirectJDKLog:173] INFO   Starting Servlet engine: [Apache Tomcat/9.0.65]
2023-02-20 14:01:27.020 [org.apache.juli.logging.DirectJDKLog:173] INFO   Initializing Spring embedded WebApplicationContext
2023-02-20 14:01:27.020 [org.springframework.boot.web.servlet.context.ServletWebServerApplicationContext:292] INFO   Root WebApplicationContext: initialization completed in 658 ms
2023-02-20 14:01:27.538 [com.zaxxer.hikari.HikariDataSource:110] INFO   HikariPool-1 - Starting...
2023-02-20 14:01:27.624 [com.zaxxer.hikari.HikariDataSource:123] INFO   HikariPool-1 - Start completed.
2023-02-20 14:01:27.662 [org.apache.juli.logging.DirectJDKLog:173] INFO   Starting ProtocolHandler ["http-nio-8090"]
2023-02-20 14:01:27.675 [org.springframework.boot.web.embedded.tomcat.TomcatWebServer:220] INFO   Tomcat started on port(s): 8090 (http) with context path ''
2023-02-20 14:01:27.680 [org.springframework.boot.StartupInfoLogger:61] INFO   Started UpdateApplication in 1.642 seconds (JVM running for 2.21)
2023-02-20 14:01:30.447 [org.apache.juli.logging.DirectJDKLog:173] INFO   Initializing Spring DispatcherServlet 'dispatcherServlet'
2023-02-20 14:01:30.447 [org.springframework.web.servlet.FrameworkServlet:525] INFO   Initializing Servlet 'dispatcherServlet'
2023-02-20 14:01:30.448 [org.springframework.web.servlet.FrameworkServlet:547] INFO   Completed initialization in 0 ms
2023-02-20 14:01:42.255 [com.xw.service.ReadXMLServiceImpl:186] INFO   读取配置xml完成
2023-02-20 14:06:21.070 [org.springframework.boot.StartupInfoLogger:55] INFO   Starting UpdateApplication using Java 1.8.0_231 on WeilXie with PID 13136 (D:\workspace\update\target\classes started by Weil in D:\workspace\update)
2023-02-20 14:06:21.073 [org.springframework.boot.SpringApplication:634] INFO   No active profile set, falling back to 1 default profile: "default"
2023-02-20 14:06:21.699 [org.springframework.boot.web.embedded.tomcat.TomcatWebServer:108] INFO   Tomcat initialized with port(s): 8090 (http)
2023-02-20 14:06:21.706 [org.apache.juli.logging.DirectJDKLog:173] INFO   Initializing ProtocolHandler ["http-nio-8090"]
2023-02-20 14:06:21.706 [org.apache.juli.logging.DirectJDKLog:173] INFO   Starting service [Tomcat]
2023-02-20 14:06:21.706 [org.apache.juli.logging.DirectJDKLog:173] INFO   Starting Servlet engine: [Apache Tomcat/9.0.65]
2023-02-20 14:06:21.763 [org.apache.juli.logging.DirectJDKLog:173] INFO   Initializing Spring embedded WebApplicationContext
2023-02-20 14:06:21.763 [org.springframework.boot.web.servlet.context.ServletWebServerApplicationContext:292] INFO   Root WebApplicationContext: initialization completed in 662 ms
2023-02-20 14:06:22.281 [com.zaxxer.hikari.HikariDataSource:110] INFO   HikariPool-1 - Starting...
2023-02-20 14:06:22.367 [com.zaxxer.hikari.HikariDataSource:123] INFO   HikariPool-1 - Start completed.
2023-02-20 14:06:22.409 [org.apache.juli.logging.DirectJDKLog:173] INFO   Starting ProtocolHandler ["http-nio-8090"]
2023-02-20 14:06:22.421 [org.springframework.boot.web.embedded.tomcat.TomcatWebServer:220] INFO   Tomcat started on port(s): 8090 (http) with context path ''
2023-02-20 14:06:22.428 [org.springframework.boot.StartupInfoLogger:61] INFO   Started UpdateApplication in 1.66 seconds (JVM running for 2.307)
2023-02-20 14:06:35.454 [org.apache.juli.logging.DirectJDKLog:173] INFO   Initializing Spring DispatcherServlet 'dispatcherServlet'
2023-02-20 14:06:35.455 [org.springframework.web.servlet.FrameworkServlet:525] INFO   Initializing Servlet 'dispatcherServlet'
2023-02-20 14:06:35.455 [org.springframework.web.servlet.FrameworkServlet:547] INFO   Completed initialization in 0 ms
2023-02-20 14:06:39.160 [com.xw.service.ReadXMLServiceImpl:186] INFO   读取配置xml完成
2023-02-20 14:34:48.855 [org.springframework.boot.StartupInfoLogger:55] INFO   Starting UpdateApplication using Java 1.8.0_231 on WeilXie with PID 10380 (D:\workspace\update\target\classes started by Weil in D:\workspace\update)
2023-02-20 14:34:48.858 [org.springframework.boot.SpringApplication:634] INFO   No active profile set, falling back to 1 default profile: "default"
2023-02-20 14:34:49.537 [org.springframework.boot.web.embedded.tomcat.TomcatWebServer:108] INFO   Tomcat initialized with port(s): 8090 (http)
2023-02-20 14:34:49.544 [org.apache.juli.logging.DirectJDKLog:173] INFO   Initializing ProtocolHandler ["http-nio-8090"]
2023-02-20 14:34:49.544 [org.apache.juli.logging.DirectJDKLog:173] INFO   Starting service [Tomcat]
2023-02-20 14:34:49.544 [org.apache.juli.logging.DirectJDKLog:173] INFO   Starting Servlet engine: [Apache Tomcat/9.0.65]
2023-02-20 14:34:49.605 [org.apache.juli.logging.DirectJDKLog:173] INFO   Initializing Spring embedded WebApplicationContext
2023-02-20 14:34:49.605 [org.springframework.boot.web.servlet.context.ServletWebServerApplicationContext:292] INFO   Root WebApplicationContext: initialization completed in 714 ms
2023-02-20 14:34:50.183 [com.zaxxer.hikari.HikariDataSource:110] INFO   HikariPool-1 - Starting...
2023-02-20 14:34:50.271 [com.zaxxer.hikari.HikariDataSource:123] INFO   HikariPool-1 - Start completed.
2023-02-20 14:34:50.306 [org.apache.juli.logging.DirectJDKLog:173] INFO   Starting ProtocolHandler ["http-nio-8090"]
2023-02-20 14:34:50.318 [org.springframework.boot.web.embedded.tomcat.TomcatWebServer:220] INFO   Tomcat started on port(s): 8090 (http) with context path ''
2023-02-20 14:34:50.323 [org.springframework.boot.StartupInfoLogger:61] INFO   Started UpdateApplication in 1.777 seconds (JVM running for 2.446)
2023-02-20 14:34:58.874 [org.apache.juli.logging.DirectJDKLog:173] INFO   Initializing Spring DispatcherServlet 'dispatcherServlet'
2023-02-20 14:34:58.874 [org.springframework.web.servlet.FrameworkServlet:525] INFO   Initializing Servlet 'dispatcherServlet'
2023-02-20 14:34:58.875 [org.springframework.web.servlet.FrameworkServlet:547] INFO   Completed initialization in 0 ms
2023-02-20 14:35:01.952 [com.xw.service.ReadXMLServiceImpl:217] INFO   读取配置xml完成
2023-02-20 14:35:30.148 [org.springframework.boot.StartupInfoLogger:55] INFO   Starting UpdateApplication using Java 1.8.0_231 on WeilXie with PID 18188 (D:\workspace\update\target\classes started by Weil in D:\workspace\update)
2023-02-20 14:35:30.151 [org.springframework.boot.SpringApplication:634] INFO   No active profile set, falling back to 1 default profile: "default"
2023-02-20 14:35:30.805 [org.springframework.boot.web.embedded.tomcat.TomcatWebServer:108] INFO   Tomcat initialized with port(s): 8090 (http)
2023-02-20 14:35:30.812 [org.apache.juli.logging.DirectJDKLog:173] INFO   Initializing ProtocolHandler ["http-nio-8090"]
2023-02-20 14:35:30.812 [org.apache.juli.logging.DirectJDKLog:173] INFO   Starting service [Tomcat]
2023-02-20 14:35:30.812 [org.apache.juli.logging.DirectJDKLog:173] INFO   Starting Servlet engine: [Apache Tomcat/9.0.65]
2023-02-20 14:35:30.872 [org.apache.juli.logging.DirectJDKLog:173] INFO   Initializing Spring embedded WebApplicationContext
2023-02-20 14:35:30.873 [org.springframework.boot.web.servlet.context.ServletWebServerApplicationContext:292] INFO   Root WebApplicationContext: initialization completed in 691 ms
2023-02-20 14:35:31.423 [com.zaxxer.hikari.HikariDataSource:110] INFO   HikariPool-1 - Starting...
2023-02-20 14:35:31.509 [com.zaxxer.hikari.HikariDataSource:123] INFO   HikariPool-1 - Start completed.
2023-02-20 14:35:31.548 [org.apache.juli.logging.DirectJDKLog:173] INFO   Starting ProtocolHandler ["http-nio-8090"]
2023-02-20 14:35:31.562 [org.springframework.boot.web.embedded.tomcat.TomcatWebServer:220] INFO   Tomcat started on port(s): 8090 (http) with context path ''
2023-02-20 14:35:31.568 [org.springframework.boot.StartupInfoLogger:61] INFO   Started UpdateApplication in 1.726 seconds (JVM running for 2.317)
2023-02-20 14:43:20.817 [org.apache.juli.logging.DirectJDKLog:173] INFO   Initializing Spring DispatcherServlet 'dispatcherServlet'
2023-02-20 14:43:20.818 [org.springframework.web.servlet.FrameworkServlet:525] INFO   Initializing Servlet 'dispatcherServlet'
2023-02-20 14:43:20.818 [org.springframework.web.servlet.FrameworkServlet:547] INFO   Completed initialization in 0 ms
2023-02-20 14:44:12.495 [org.springframework.boot.StartupInfoLogger:55] INFO   Starting UpdateApplication using Java 1.8.0_231 on WeilXie with PID 13936 (D:\workspace\update\target\classes started by Weil in D:\workspace\update)
2023-02-20 14:44:12.497 [org.springframework.boot.SpringApplication:634] INFO   No active profile set, falling back to 1 default profile: "default"
2023-02-20 14:44:13.141 [org.springframework.boot.web.embedded.tomcat.TomcatWebServer:108] INFO   Tomcat initialized with port(s): 8090 (http)
2023-02-20 14:44:13.148 [org.apache.juli.logging.DirectJDKLog:173] INFO   Initializing ProtocolHandler ["http-nio-8090"]
2023-02-20 14:44:13.149 [org.apache.juli.logging.DirectJDKLog:173] INFO   Starting service [Tomcat]
2023-02-20 14:44:13.149 [org.apache.juli.logging.DirectJDKLog:173] INFO   Starting Servlet engine: [Apache Tomcat/9.0.65]
2023-02-20 14:44:13.211 [org.apache.juli.logging.DirectJDKLog:173] INFO   Initializing Spring embedded WebApplicationContext
2023-02-20 14:44:13.212 [org.springframework.boot.web.servlet.context.ServletWebServerApplicationContext:292] INFO   Root WebApplicationContext: initialization completed in 686 ms
2023-02-20 14:44:13.766 [com.zaxxer.hikari.HikariDataSource:110] INFO   HikariPool-1 - Starting...
2023-02-20 14:44:13.857 [com.zaxxer.hikari.HikariDataSource:123] INFO   HikariPool-1 - Start completed.
2023-02-20 14:44:13.904 [org.apache.juli.logging.DirectJDKLog:173] INFO   Starting ProtocolHandler ["http-nio-8090"]
2023-02-20 14:44:13.919 [org.springframework.boot.web.embedded.tomcat.TomcatWebServer:220] INFO   Tomcat started on port(s): 8090 (http) with context path ''
2023-02-20 14:44:13.925 [org.springframework.boot.StartupInfoLogger:61] INFO   Started UpdateApplication in 1.729 seconds (JVM running for 2.31)
2023-02-20 14:44:14.899 [org.apache.juli.logging.DirectJDKLog:173] INFO   Initializing Spring DispatcherServlet 'dispatcherServlet'
2023-02-20 14:44:14.899 [org.springframework.web.servlet.FrameworkServlet:525] INFO   Initializing Servlet 'dispatcherServlet'
2023-02-20 14:44:14.900 [org.springframework.web.servlet.FrameworkServlet:547] INFO   Completed initialization in 1 ms
2023-02-20 14:44:52.603 [org.springframework.boot.StartupInfoLogger:55] INFO   Starting UpdateApplication using Java 1.8.0_231 on WeilXie with PID 7380 (D:\workspace\update\target\classes started by Weil in D:\workspace\update)
2023-02-20 14:44:52.606 [org.springframework.boot.SpringApplication:634] INFO   No active profile set, falling back to 1 default profile: "default"
2023-02-20 14:44:53.230 [org.springframework.boot.web.embedded.tomcat.TomcatWebServer:108] INFO   Tomcat initialized with port(s): 8090 (http)
2023-02-20 14:44:53.237 [org.apache.juli.logging.DirectJDKLog:173] INFO   Initializing ProtocolHandler ["http-nio-8090"]
2023-02-20 14:44:53.237 [org.apache.juli.logging.DirectJDKLog:173] INFO   Starting service [Tomcat]
2023-02-20 14:44:53.238 [org.apache.juli.logging.DirectJDKLog:173] INFO   Starting Servlet engine: [Apache Tomcat/9.0.65]
2023-02-20 14:44:53.293 [org.apache.juli.logging.DirectJDKLog:173] INFO   Initializing Spring embedded WebApplicationContext
2023-02-20 14:44:53.293 [org.springframework.boot.web.servlet.context.ServletWebServerApplicationContext:292] INFO   Root WebApplicationContext: initialization completed in 657 ms
2023-02-20 14:44:53.797 [com.zaxxer.hikari.HikariDataSource:110] INFO   HikariPool-1 - Starting...
2023-02-20 14:44:53.881 [com.zaxxer.hikari.HikariDataSource:123] INFO   HikariPool-1 - Start completed.
2023-02-20 14:44:53.917 [org.apache.juli.logging.DirectJDKLog:173] INFO   Starting ProtocolHandler ["http-nio-8090"]
2023-02-20 14:44:53.929 [org.springframework.boot.web.embedded.tomcat.TomcatWebServer:220] INFO   Tomcat started on port(s): 8090 (http) with context path ''
2023-02-20 14:44:53.935 [org.springframework.boot.StartupInfoLogger:61] INFO   Started UpdateApplication in 1.64 seconds (JVM running for 3.407)
2023-02-20 14:44:59.062 [org.apache.juli.logging.DirectJDKLog:173] INFO   Initializing Spring DispatcherServlet 'dispatcherServlet'
2023-02-20 14:44:59.063 [org.springframework.web.servlet.FrameworkServlet:525] INFO   Initializing Servlet 'dispatcherServlet'
2023-02-20 14:44:59.063 [org.springframework.web.servlet.FrameworkServlet:547] INFO   Completed initialization in 0 ms
2023-02-20 14:45:50.342 [org.springframework.boot.StartupInfoLogger:55] INFO   Starting UpdateApplication using Java 1.8.0_231 on WeilXie with PID 18112 (D:\workspace\update\target\classes started by Weil in D:\workspace\update)
2023-02-20 14:45:50.344 [org.springframework.boot.SpringApplication:634] INFO   No active profile set, falling back to 1 default profile: "default"
2023-02-20 14:45:50.975 [org.springframework.boot.web.embedded.tomcat.TomcatWebServer:108] INFO   Tomcat initialized with port(s): 8090 (http)
2023-02-20 14:45:50.983 [org.apache.juli.logging.DirectJDKLog:173] INFO   Initializing ProtocolHandler ["http-nio-8090"]
2023-02-20 14:45:50.983 [org.apache.juli.logging.DirectJDKLog:173] INFO   Starting service [Tomcat]
2023-02-20 14:45:50.983 [org.apache.juli.logging.DirectJDKLog:173] INFO   Starting Servlet engine: [Apache Tomcat/9.0.65]
2023-02-20 14:45:51.044 [org.apache.juli.logging.DirectJDKLog:173] INFO   Initializing Spring embedded WebApplicationContext
2023-02-20 14:45:51.044 [org.springframework.boot.web.servlet.context.ServletWebServerApplicationContext:292] INFO   Root WebApplicationContext: initialization completed in 671 ms
2023-02-20 14:45:51.665 [com.zaxxer.hikari.HikariDataSource:110] INFO   HikariPool-1 - Starting...
2023-02-20 14:45:51.748 [com.zaxxer.hikari.HikariDataSource:123] INFO   HikariPool-1 - Start completed.
2023-02-20 14:45:51.790 [org.apache.juli.logging.DirectJDKLog:173] INFO   Starting ProtocolHandler ["http-nio-8090"]
2023-02-20 14:45:51.804 [org.springframework.boot.web.embedded.tomcat.TomcatWebServer:220] INFO   Tomcat started on port(s): 8090 (http) with context path ''
2023-02-20 14:45:51.810 [org.springframework.boot.StartupInfoLogger:61] INFO   Started UpdateApplication in 1.771 seconds (JVM running for 2.345)
2023-02-20 14:45:52.430 [org.apache.juli.logging.DirectJDKLog:173] INFO   Initializing Spring DispatcherServlet 'dispatcherServlet'
2023-02-20 14:45:52.430 [org.springframework.web.servlet.FrameworkServlet:525] INFO   Initializing Servlet 'dispatcherServlet'
2023-02-20 14:45:52.431 [org.springframework.web.servlet.FrameworkServlet:547] INFO   Completed initialization in 1 ms
2023-02-20 14:48:49.925 [org.springframework.boot.StartupInfoLogger:55] INFO   Starting UpdateApplication using Java 1.8.0_231 on WeilXie with PID 15388 (D:\workspace\update\target\classes started by Weil in D:\workspace\update)
2023-02-20 14:48:49.928 [org.springframework.boot.SpringApplication:634] INFO   No active profile set, falling back to 1 default profile: "default"
2023-02-20 14:48:50.568 [org.springframework.boot.web.embedded.tomcat.TomcatWebServer:108] INFO   Tomcat initialized with port(s): 8090 (http)
2023-02-20 14:48:50.575 [org.apache.juli.logging.DirectJDKLog:173] INFO   Initializing ProtocolHandler ["http-nio-8090"]
2023-02-20 14:48:50.576 [org.apache.juli.logging.DirectJDKLog:173] INFO   Starting service [Tomcat]
2023-02-20 14:48:50.576 [org.apache.juli.logging.DirectJDKLog:173] INFO   Starting Servlet engine: [Apache Tomcat/9.0.65]
2023-02-20 14:48:50.633 [org.apache.juli.logging.DirectJDKLog:173] INFO   Initializing Spring embedded WebApplicationContext
2023-02-20 14:48:50.633 [org.springframework.boot.web.servlet.context.ServletWebServerApplicationContext:292] INFO   Root WebApplicationContext: initialization completed in 677 ms
2023-02-20 14:48:51.154 [com.zaxxer.hikari.HikariDataSource:110] INFO   HikariPool-1 - Starting...
2023-02-20 14:48:51.238 [com.zaxxer.hikari.HikariDataSource:123] INFO   HikariPool-1 - Start completed.
2023-02-20 14:48:51.277 [org.apache.juli.logging.DirectJDKLog:173] INFO   Starting ProtocolHandler ["http-nio-8090"]
2023-02-20 14:48:51.289 [org.springframework.boot.web.embedded.tomcat.TomcatWebServer:220] INFO   Tomcat started on port(s): 8090 (http) with context path ''
2023-02-20 14:48:51.295 [org.springframework.boot.StartupInfoLogger:61] INFO   Started UpdateApplication in 1.666 seconds (JVM running for 2.24)
2023-02-20 14:48:58.058 [org.apache.juli.logging.DirectJDKLog:173] INFO   Initializing Spring DispatcherServlet 'dispatcherServlet'
2023-02-20 14:48:58.058 [org.springframework.web.servlet.FrameworkServlet:525] INFO   Initializing Servlet 'dispatcherServlet'
2023-02-20 14:48:58.059 [org.springframework.web.servlet.FrameworkServlet:547] INFO   Completed initialization in 1 ms
2023-02-20 14:49:43.151 [com.xw.service.ReadXMLServiceImpl:220] INFO   读取配置xml完成
2023-02-20 14:50:08.123 [org.springframework.boot.StartupInfoLogger:55] INFO   Starting UpdateApplication using Java 1.8.0_231 on WeilXie with PID 7424 (D:\workspace\update\target\classes started by Weil in D:\workspace\update)
2023-02-20 14:50:08.126 [org.springframework.boot.SpringApplication:634] INFO   No active profile set, falling back to 1 default profile: "default"
2023-02-20 14:50:08.770 [org.springframework.boot.web.embedded.tomcat.TomcatWebServer:108] INFO   Tomcat initialized with port(s): 8090 (http)
2023-02-20 14:50:08.776 [org.apache.juli.logging.DirectJDKLog:173] INFO   Initializing ProtocolHandler ["http-nio-8090"]
2023-02-20 14:50:08.777 [org.apache.juli.logging.DirectJDKLog:173] INFO   Starting service [Tomcat]
2023-02-20 14:50:08.777 [org.apache.juli.logging.DirectJDKLog:173] INFO   Starting Servlet engine: [Apache Tomcat/9.0.65]
2023-02-20 14:50:08.833 [org.apache.juli.logging.DirectJDKLog:173] INFO   Initializing Spring embedded WebApplicationContext
2023-02-20 14:50:08.833 [org.springframework.boot.web.servlet.context.ServletWebServerApplicationContext:292] INFO   Root WebApplicationContext: initialization completed in 677 ms
2023-02-20 14:50:09.392 [com.zaxxer.hikari.HikariDataSource:110] INFO   HikariPool-1 - Starting...
2023-02-20 14:50:09.504 [com.zaxxer.hikari.HikariDataSource:123] INFO   HikariPool-1 - Start completed.
2023-02-20 14:50:09.542 [org.apache.juli.logging.DirectJDKLog:173] INFO   Starting ProtocolHandler ["http-nio-8090"]
2023-02-20 14:50:09.557 [org.springframework.boot.web.embedded.tomcat.TomcatWebServer:220] INFO   Tomcat started on port(s): 8090 (http) with context path ''
2023-02-20 14:50:09.565 [org.springframework.boot.StartupInfoLogger:61] INFO   Started UpdateApplication in 1.748 seconds (JVM running for 2.329)
2023-02-20 14:50:10.461 [org.apache.juli.logging.DirectJDKLog:173] INFO   Initializing Spring DispatcherServlet 'dispatcherServlet'
2023-02-20 14:50:10.461 [org.springframework.web.servlet.FrameworkServlet:525] INFO   Initializing Servlet 'dispatcherServlet'
2023-02-20 14:50:10.462 [org.springframework.web.servlet.FrameworkServlet:547] INFO   Completed initialization in 1 ms
2023-02-20 14:50:33.357 [com.xw.service.ReadXMLServiceImpl:220] INFO   读取配置xml完成
2023-02-20 14:50:35.206 [com.xw.service.ReadXMLServiceImpl:113] INFO   读取配置xml完成
2023-02-20 14:50:53.480 [org.springframework.boot.StartupInfoLogger:55] INFO   Starting UpdateApplication using Java 1.8.0_231 on WeilXie with PID 8988 (D:\workspace\update\target\classes started by Weil in D:\workspace\update)
2023-02-20 14:50:53.483 [org.springframework.boot.SpringApplication:634] INFO   No active profile set, falling back to 1 default profile: "default"
2023-02-20 14:50:54.096 [org.springframework.boot.web.embedded.tomcat.TomcatWebServer:108] INFO   Tomcat initialized with port(s): 8090 (http)
2023-02-20 14:50:54.105 [org.apache.juli.logging.DirectJDKLog:173] INFO   Initializing ProtocolHandler ["http-nio-8090"]
2023-02-20 14:50:54.105 [org.apache.juli.logging.DirectJDKLog:173] INFO   Starting service [Tomcat]
2023-02-20 14:50:54.105 [org.apache.juli.logging.DirectJDKLog:173] INFO   Starting Servlet engine: [Apache Tomcat/9.0.65]
2023-02-20 14:50:54.165 [org.apache.juli.logging.DirectJDKLog:173] INFO   Initializing Spring embedded WebApplicationContext
2023-02-20 14:50:54.165 [org.springframework.boot.web.servlet.context.ServletWebServerApplicationContext:292] INFO   Root WebApplicationContext: initialization completed in 654 ms
2023-02-20 14:50:54.673 [com.zaxxer.hikari.HikariDataSource:110] INFO   HikariPool-1 - Starting...
2023-02-20 14:50:54.759 [com.zaxxer.hikari.HikariDataSource:123] INFO   HikariPool-1 - Start completed.
2023-02-20 14:50:54.795 [org.apache.juli.logging.DirectJDKLog:173] INFO   Starting ProtocolHandler ["http-nio-8090"]
2023-02-20 14:50:54.807 [org.springframework.boot.web.embedded.tomcat.TomcatWebServer:220] INFO   Tomcat started on port(s): 8090 (http) with context path ''
2023-02-20 14:50:54.813 [org.springframework.boot.StartupInfoLogger:61] INFO   Started UpdateApplication in 1.629 seconds (JVM running for 2.192)
2023-02-20 14:51:08.374 [org.apache.juli.logging.DirectJDKLog:173] INFO   Initializing Spring DispatcherServlet 'dispatcherServlet'
2023-02-20 14:51:08.374 [org.springframework.web.servlet.FrameworkServlet:525] INFO   Initializing Servlet 'dispatcherServlet'
2023-02-20 14:51:08.375 [org.springframework.web.servlet.FrameworkServlet:547] INFO   Completed initialization in 1 ms
2023-02-20 14:51:38.358 [com.xw.service.ReadXMLServiceImpl:220] INFO   读取配置xml完成
2023-02-20 14:52:22.700 [org.springframework.boot.StartupInfoLogger:55] INFO   Starting UpdateApplication using Java 1.8.0_231 on WeilXie with PID 16544 (D:\workspace\update\target\classes started by Weil in D:\workspace\update)
2023-02-20 14:52:22.703 [org.springframework.boot.SpringApplication:634] INFO   No active profile set, falling back to 1 default profile: "default"
2023-02-20 14:52:23.368 [org.springframework.boot.web.embedded.tomcat.TomcatWebServer:108] INFO   Tomcat initialized with port(s): 8090 (http)
2023-02-20 14:52:23.375 [org.apache.juli.logging.DirectJDKLog:173] INFO   Initializing ProtocolHandler ["http-nio-8090"]
2023-02-20 14:52:23.375 [org.apache.juli.logging.DirectJDKLog:173] INFO   Starting service [Tomcat]
2023-02-20 14:52:23.375 [org.apache.juli.logging.DirectJDKLog:173] INFO   Starting Servlet engine: [Apache Tomcat/9.0.65]
2023-02-20 14:52:23.436 [org.apache.juli.logging.DirectJDKLog:173] INFO   Initializing Spring embedded WebApplicationContext
2023-02-20 14:52:23.436 [org.springframework.boot.web.servlet.context.ServletWebServerApplicationContext:292] INFO   Root WebApplicationContext: initialization completed in 701 ms
2023-02-20 14:52:23.997 [com.zaxxer.hikari.HikariDataSource:110] INFO   HikariPool-1 - Starting...
2023-02-20 14:52:24.085 [com.zaxxer.hikari.HikariDataSource:123] INFO   HikariPool-1 - Start completed.
2023-02-20 14:52:24.121 [org.apache.juli.logging.DirectJDKLog:173] INFO   Starting ProtocolHandler ["http-nio-8090"]
2023-02-20 14:52:24.135 [org.springframework.boot.web.embedded.tomcat.TomcatWebServer:220] INFO   Tomcat started on port(s): 8090 (http) with context path ''
2023-02-20 14:52:24.141 [org.springframework.boot.StartupInfoLogger:61] INFO   Started UpdateApplication in 1.764 seconds (JVM running for 2.357)
2023-02-20 15:00:00.807 [org.springframework.boot.StartupInfoLogger:55] INFO   Starting UpdateApplication using Java 1.8.0_231 on WeilXie with PID 9088 (D:\workspace\update\target\classes started by Weil in D:\workspace\update)
2023-02-20 15:00:00.810 [org.springframework.boot.SpringApplication:634] INFO   No active profile set, falling back to 1 default profile: "default"
2023-02-20 15:00:01.469 [org.springframework.boot.web.embedded.tomcat.TomcatWebServer:108] INFO   Tomcat initialized with port(s): 8090 (http)
2023-02-20 15:00:01.475 [org.apache.juli.logging.DirectJDKLog:173] INFO   Initializing ProtocolHandler ["http-nio-8090"]
2023-02-20 15:00:01.476 [org.apache.juli.logging.DirectJDKLog:173] INFO   Starting service [Tomcat]
2023-02-20 15:00:01.476 [org.apache.juli.logging.DirectJDKLog:173] INFO   Starting Servlet engine: [Apache Tomcat/9.0.65]
2023-02-20 15:00:01.537 [org.apache.juli.logging.DirectJDKLog:173] INFO   Initializing Spring embedded WebApplicationContext
2023-02-20 15:00:01.537 [org.springframework.boot.web.servlet.context.ServletWebServerApplicationContext:292] INFO   Root WebApplicationContext: initialization completed in 698 ms
2023-02-20 15:00:02.067 [com.zaxxer.hikari.HikariDataSource:110] INFO   HikariPool-1 - Starting...
2023-02-20 15:00:02.151 [com.zaxxer.hikari.HikariDataSource:123] INFO   HikariPool-1 - Start completed.
2023-02-20 15:00:02.187 [org.apache.juli.logging.DirectJDKLog:173] INFO   Starting ProtocolHandler ["http-nio-8090"]
2023-02-20 15:00:02.200 [org.springframework.boot.web.embedded.tomcat.TomcatWebServer:220] INFO   Tomcat started on port(s): 8090 (http) with context path ''
2023-02-20 15:00:02.207 [org.springframework.boot.StartupInfoLogger:61] INFO   Started UpdateApplication in 1.706 seconds (JVM running for 2.275)
2023-02-20 15:00:05.914 [org.apache.juli.logging.DirectJDKLog:173] INFO   Initializing Spring DispatcherServlet 'dispatcherServlet'
2023-02-20 15:00:05.914 [org.springframework.web.servlet.FrameworkServlet:525] INFO   Initializing Servlet 'dispatcherServlet'
2023-02-20 15:00:05.916 [org.springframework.web.servlet.FrameworkServlet:547] INFO   Completed initialization in 1 ms
2023-02-20 15:00:08.938 [com.xw.service.ReadXMLServiceImpl:220] INFO   读取配置xml完成
2023-02-20 15:00:19.955 [com.xw.service.ReadXMLServiceImpl:113] INFO   读取配置xml完成
2023-02-20 15:01:51.857 [org.springframework.boot.StartupInfoLogger:55] INFO   Starting UpdateApplication using Java 1.8.0_231 on WeilXie with PID 8412 (D:\workspace\update\target\classes started by Weil in D:\workspace\update)
2023-02-20 15:01:51.859 [org.springframework.boot.SpringApplication:634] INFO   No active profile set, falling back to 1 default profile: "default"
2023-02-20 15:01:52.506 [org.springframework.boot.web.embedded.tomcat.TomcatWebServer:108] INFO   Tomcat initialized with port(s): 8090 (http)
2023-02-20 15:01:52.513 [org.apache.juli.logging.DirectJDKLog:173] INFO   Initializing ProtocolHandler ["http-nio-8090"]
2023-02-20 15:01:52.513 [org.apache.juli.logging.DirectJDKLog:173] INFO   Starting service [Tomcat]
2023-02-20 15:01:52.513 [org.apache.juli.logging.DirectJDKLog:173] INFO   Starting Servlet engine: [Apache Tomcat/9.0.65]
2023-02-20 15:01:52.570 [org.apache.juli.logging.DirectJDKLog:173] INFO   Initializing Spring embedded WebApplicationContext
2023-02-20 15:01:52.570 [org.springframework.boot.web.servlet.context.ServletWebServerApplicationContext:292] INFO   Root WebApplicationContext: initialization completed in 682 ms
2023-02-20 15:01:53.086 [com.zaxxer.hikari.HikariDataSource:110] INFO   HikariPool-1 - Starting...
2023-02-20 15:01:53.169 [com.zaxxer.hikari.HikariDataSource:123] INFO   HikariPool-1 - Start completed.
2023-02-20 15:01:53.204 [org.apache.juli.logging.DirectJDKLog:173] INFO   Starting ProtocolHandler ["http-nio-8090"]
2023-02-20 15:01:53.217 [org.springframework.boot.web.embedded.tomcat.TomcatWebServer:220] INFO   Tomcat started on port(s): 8090 (http) with context path ''
2023-02-20 15:01:53.222 [org.springframework.boot.StartupInfoLogger:61] INFO   Started UpdateApplication in 1.661 seconds (JVM running for 2.228)
2023-02-20 15:01:57.216 [org.springframework.boot.StartupInfoLogger:55] INFO   Starting UpdateApplication using Java 1.8.0_231 on WeilXie with PID 5596 (D:\workspace\update\target\classes started by Weil in D:\workspace\update)
2023-02-20 15:01:57.219 [org.springframework.boot.SpringApplication:634] INFO   No active profile set, falling back to 1 default profile: "default"
2023-02-20 15:01:57.854 [org.springframework.boot.web.embedded.tomcat.TomcatWebServer:108] INFO   Tomcat initialized with port(s): 8090 (http)
2023-02-20 15:01:57.861 [org.apache.juli.logging.DirectJDKLog:173] INFO   Initializing ProtocolHandler ["http-nio-8090"]
2023-02-20 15:01:57.862 [org.apache.juli.logging.DirectJDKLog:173] INFO   Starting service [Tomcat]
2023-02-20 15:01:57.862 [org.apache.juli.logging.DirectJDKLog:173] INFO   Starting Servlet engine: [Apache Tomcat/9.0.65]
2023-02-20 15:01:57.918 [org.apache.juli.logging.DirectJDKLog:173] INFO   Initializing Spring embedded WebApplicationContext
2023-02-20 15:01:57.918 [org.springframework.boot.web.servlet.context.ServletWebServerApplicationContext:292] INFO   Root WebApplicationContext: initialization completed in 671 ms
2023-02-20 15:01:58.455 [com.zaxxer.hikari.HikariDataSource:110] INFO   HikariPool-1 - Starting...
2023-02-20 15:01:58.536 [com.zaxxer.hikari.HikariDataSource:123] INFO   HikariPool-1 - Start completed.
2023-02-20 15:01:58.575 [org.apache.juli.logging.DirectJDKLog:173] INFO   Starting ProtocolHandler ["http-nio-8090"]
2023-02-20 15:01:58.587 [org.springframework.boot.web.embedded.tomcat.TomcatWebServer:220] INFO   Tomcat started on port(s): 8090 (http) with context path ''
2023-02-20 15:01:58.593 [org.springframework.boot.StartupInfoLogger:61] INFO   Started UpdateApplication in 1.675 seconds (JVM running for 2.305)
2023-02-20 15:02:01.976 [org.apache.juli.logging.DirectJDKLog:173] INFO   Initializing Spring DispatcherServlet 'dispatcherServlet'
2023-02-20 15:02:01.977 [org.springframework.web.servlet.FrameworkServlet:525] INFO   Initializing Servlet 'dispatcherServlet'
2023-02-20 15:02:01.977 [org.springframework.web.servlet.FrameworkServlet:547] INFO   Completed initialization in 0 ms
2023-02-20 15:02:03.171 [com.xw.service.ReadXMLServiceImpl:220] INFO   读取配置xml完成
2023-02-20 15:02:03.956 [com.xw.service.ReadXMLServiceImpl:113] INFO   读取配置xml完成
2023-02-20 15:02:03.957 [com.xw.controller.UpdateCoreController:63] INFO   返回当前需要升级的文件信息 [CEV2.0test1]
2023-02-20 15:02:03.957 [com.xw.service.UpdateCoreServiceImpl:41] INFO   CE 文件夹已创建
2023-02-20 15:02:04.651 [com.xw.service.UpdateCoreServiceImpl:52] INFO   JARs_Old 文件夹已创建
2023-02-20 15:02:04.651 [com.xw.service.UpdateCoreServiceImpl:58] INFO   JARs_New 文件夹已创建
2023-02-20 15:02:04.679 [com.xw.service.UpdateCoreServiceImpl:63] INFO   updateDataEntity已经存入jar表
2023-02-20 15:02:08.744 [com.xw.service.OperationServiceImpl:54] INFO   正在解压: D:\workspace\admin\CE\CEEJB.jar
2023-02-20 15:02:09.006 [com.xw.service.OperationServiceImpl:54] INFO   正在解压: D:\workspace\patch\v002\CE\CEEJB.jar
2023-02-20 15:02:09.136 [com.xw.service.OperationServiceImpl:54] INFO   正在解压: D:\workspace\admin\CE\ProjectJARs.jar
2023-02-20 15:02:09.162 [com.xw.service.OperationServiceImpl:54] INFO   正在解压: D:\workspace\patch\v002\CE\ProjectJARs.jar
