2023-02-08 16:00:07.177 [org.springframework.boot.StartupInfoLogger:55] INFO   Starting UpdateApplication using Java 1.8.0_231 on WeilXie with PID 13692 (D:\workspace\update\target\classes started by Weil in D:\workspace\update)
2023-02-08 16:00:07.179 [org.springframework.boot.SpringApplication:634] INFO   No active profile set, falling back to 1 default profile: "default"
2023-02-08 16:00:08.272 [org.springframework.boot.web.embedded.tomcat.TomcatWebServer:108] INFO   Tomcat initialized with port(s): 8090 (http)
2023-02-08 16:00:08.282 [org.apache.juli.logging.DirectJDKLog:173] INFO   Initializing ProtocolHandler ["http-nio-8090"]
2023-02-08 16:00:08.283 [org.apache.juli.logging.DirectJDKLog:173] INFO   Starting service [Tomcat]
2023-02-08 16:00:08.283 [org.apache.juli.logging.DirectJDKLog:173] INFO   Starting Servlet engine: [Apache Tomcat/9.0.65]
2023-02-08 16:00:08.381 [org.apache.juli.logging.DirectJDKLog:173] INFO   Initializing Spring embedded WebApplicationContext
2023-02-08 16:00:08.382 [org.springframework.boot.web.servlet.context.ServletWebServerApplicationContext:292] INFO   Root WebApplicationContext: initialization completed in 1149 ms
2023-02-08 16:00:09.064 [com.zaxxer.hikari.HikariDataSource:110] INFO   HikariPool-1 - Starting...
2023-02-08 16:00:09.181 [com.zaxxer.hikari.HikariDataSource:123] INFO   HikariPool-1 - Start completed.
2023-02-08 16:00:09.227 [org.apache.juli.logging.DirectJDKLog:173] INFO   Starting ProtocolHandler ["http-nio-8090"]
2023-02-08 16:00:09.249 [org.springframework.boot.web.embedded.tomcat.TomcatWebServer:220] INFO   Tomcat started on port(s): 8090 (http) with context path ''
2023-02-08 16:00:09.254 [org.springframework.boot.StartupInfoLogger:61] INFO   Started UpdateApplication in 2.372 seconds (JVM running for 2.793)
2023-02-08 16:00:12.347 [org.springframework.boot.StartupInfoLogger:55] INFO   Starting UpdateApplication using Java 1.8.0_231 on WeilXie with PID 7656 (D:\workspace\update\target\classes started by Weil in D:\workspace\update)
2023-02-08 16:00:12.349 [org.springframework.boot.SpringApplication:634] INFO   No active profile set, falling back to 1 default profile: "default"
2023-02-08 16:00:12.865 [org.springframework.boot.web.embedded.tomcat.TomcatWebServer:108] INFO   Tomcat initialized with port(s): 8090 (http)
2023-02-08 16:00:12.872 [org.apache.juli.logging.DirectJDKLog:173] INFO   Initializing ProtocolHandler ["http-nio-8090"]
2023-02-08 16:00:12.872 [org.apache.juli.logging.DirectJDKLog:173] INFO   Starting service [Tomcat]
2023-02-08 16:00:12.873 [org.apache.juli.logging.DirectJDKLog:173] INFO   Starting Servlet engine: [Apache Tomcat/9.0.65]
2023-02-08 16:00:12.939 [org.apache.juli.logging.DirectJDKLog:173] INFO   Initializing Spring embedded WebApplicationContext
2023-02-08 16:00:12.939 [org.springframework.boot.web.servlet.context.ServletWebServerApplicationContext:292] INFO   Root WebApplicationContext: initialization completed in 566 ms
2023-02-08 16:00:13.392 [com.zaxxer.hikari.HikariDataSource:110] INFO   HikariPool-1 - Starting...
2023-02-08 16:00:13.472 [com.zaxxer.hikari.HikariDataSource:123] INFO   HikariPool-1 - Start completed.
2023-02-08 16:00:13.501 [org.apache.juli.logging.DirectJDKLog:173] INFO   Starting ProtocolHandler ["http-nio-8090"]
2023-02-08 16:00:13.509 [org.springframework.boot.web.embedded.tomcat.TomcatWebServer:220] INFO   Tomcat started on port(s): 8090 (http) with context path ''
2023-02-08 16:00:13.514 [org.springframework.boot.StartupInfoLogger:61] INFO   Started UpdateApplication in 1.401 seconds (JVM running for 1.843)
2023-02-08 16:00:17.654 [org.apache.juli.logging.DirectJDKLog:173] INFO   Initializing Spring DispatcherServlet 'dispatcherServlet'
2023-02-08 16:00:17.654 [org.springframework.web.servlet.FrameworkServlet:525] INFO   Initializing Servlet 'dispatcherServlet'
2023-02-08 16:00:17.655 [org.springframework.web.servlet.FrameworkServlet:547] INFO   Completed initialization in 1 ms
2023-02-08 16:00:17.762 [com.xw.controller.UpdateCoreController:107] INFO   当前CEV2.0test1中的第三方jar包更新完毕
2023-02-08 16:00:50.277 [org.springframework.boot.admin.SpringApplicationAdminMXBeanRegistrar$SpringApplicationAdmin:159] INFO   Application shutdown requested.
2023-02-08 16:00:50.343 [org.apache.juli.logging.DirectJDKLog:173] INFO   Pausing ProtocolHandler ["http-nio-8090"]
2023-02-08 16:00:50.343 [org.apache.juli.logging.DirectJDKLog:173] INFO   Stopping service [Tomcat]
2023-02-08 16:00:50.345 [org.apache.juli.logging.DirectJDKLog:173] INFO   Destroying Spring FrameworkServlet 'dispatcherServlet'
2023-02-08 16:00:50.348 [org.apache.juli.logging.DirectJDKLog:173] INFO   Stopping ProtocolHandler ["http-nio-8090"]
2023-02-08 16:00:50.349 [org.apache.juli.logging.DirectJDKLog:173] INFO   Destroying ProtocolHandler ["http-nio-8090"]
2023-02-08 16:00:50.351 [com.zaxxer.hikari.HikariDataSource:350] INFO   HikariPool-1 - Shutdown initiated...
2023-02-08 16:00:50.353 [com.zaxxer.hikari.HikariDataSource:352] INFO   HikariPool-1 - Shutdown completed.
2023-02-08 16:00:55.340 [org.springframework.boot.StartupInfoLogger:55] INFO   Starting UpdateApplication using Java 1.8.0_231 on WeilXie with PID 1188 (D:\workspace\update\target\classes started by Weil in D:\workspace\update)
2023-02-08 16:00:55.344 [org.springframework.boot.SpringApplication:634] INFO   No active profile set, falling back to 1 default profile: "default"
2023-02-08 16:00:55.989 [org.springframework.boot.web.embedded.tomcat.TomcatWebServer:108] INFO   Tomcat initialized with port(s): 8090 (http)
2023-02-08 16:00:55.996 [org.apache.juli.logging.DirectJDKLog:173] INFO   Initializing ProtocolHandler ["http-nio-8090"]
2023-02-08 16:00:55.997 [org.apache.juli.logging.DirectJDKLog:173] INFO   Starting service [Tomcat]
2023-02-08 16:00:55.997 [org.apache.juli.logging.DirectJDKLog:173] INFO   Starting Servlet engine: [Apache Tomcat/9.0.65]
2023-02-08 16:00:56.054 [org.apache.juli.logging.DirectJDKLog:173] INFO   Initializing Spring embedded WebApplicationContext
2023-02-08 16:00:56.054 [org.springframework.boot.web.servlet.context.ServletWebServerApplicationContext:292] INFO   Root WebApplicationContext: initialization completed in 676 ms
2023-02-08 16:00:56.595 [com.zaxxer.hikari.HikariDataSource:110] INFO   HikariPool-1 - Starting...
2023-02-08 16:00:56.679 [com.zaxxer.hikari.HikariDataSource:123] INFO   HikariPool-1 - Start completed.
2023-02-08 16:00:56.714 [org.apache.juli.logging.DirectJDKLog:173] INFO   Starting ProtocolHandler ["http-nio-8090"]
2023-02-08 16:00:56.728 [org.springframework.boot.web.embedded.tomcat.TomcatWebServer:220] INFO   Tomcat started on port(s): 8090 (http) with context path ''
2023-02-08 16:00:56.734 [org.springframework.boot.StartupInfoLogger:61] INFO   Started UpdateApplication in 1.69 seconds (JVM running for 2.303)
2023-02-08 16:00:58.783 [org.apache.juli.logging.DirectJDKLog:173] INFO   Initializing Spring DispatcherServlet 'dispatcherServlet'
2023-02-08 16:00:58.783 [org.springframework.web.servlet.FrameworkServlet:525] INFO   Initializing Servlet 'dispatcherServlet'
2023-02-08 16:00:58.783 [org.springframework.web.servlet.FrameworkServlet:547] INFO   Completed initialization in 0 ms
2023-02-08 16:20:02.109 [org.springframework.boot.StartupInfoLogger:55] INFO   Starting UpdateApplication using Java 1.8.0_231 on WeilXie with PID 17248 (D:\workspace\update\target\classes started by Weil in D:\workspace\update)
2023-02-08 16:20:02.112 [org.springframework.boot.SpringApplication:634] INFO   No active profile set, falling back to 1 default profile: "default"
2023-02-08 16:20:02.740 [org.springframework.boot.web.embedded.tomcat.TomcatWebServer:108] INFO   Tomcat initialized with port(s): 8090 (http)
2023-02-08 16:20:02.748 [org.apache.juli.logging.DirectJDKLog:173] INFO   Initializing ProtocolHandler ["http-nio-8090"]
2023-02-08 16:20:02.748 [org.apache.juli.logging.DirectJDKLog:173] INFO   Starting service [Tomcat]
2023-02-08 16:20:02.748 [org.apache.juli.logging.DirectJDKLog:173] INFO   Starting Servlet engine: [Apache Tomcat/9.0.65]
2023-02-08 16:20:02.812 [org.apache.juli.logging.DirectJDKLog:173] INFO   Initializing Spring embedded WebApplicationContext
2023-02-08 16:20:02.813 [org.springframework.boot.web.servlet.context.ServletWebServerApplicationContext:292] INFO   Root WebApplicationContext: initialization completed in 671 ms
2023-02-08 16:20:03.372 [com.zaxxer.hikari.HikariDataSource:110] INFO   HikariPool-1 - Starting...
2023-02-08 16:20:03.456 [com.zaxxer.hikari.HikariDataSource:123] INFO   HikariPool-1 - Start completed.
2023-02-08 16:20:03.491 [org.apache.juli.logging.DirectJDKLog:173] INFO   Starting ProtocolHandler ["http-nio-8090"]
2023-02-08 16:20:03.506 [org.springframework.boot.web.embedded.tomcat.TomcatWebServer:220] INFO   Tomcat started on port(s): 8090 (http) with context path ''
2023-02-08 16:20:03.512 [org.springframework.boot.StartupInfoLogger:61] INFO   Started UpdateApplication in 1.71 seconds (JVM running for 2.292)
2023-02-08 16:21:37.814 [org.springframework.boot.StartupInfoLogger:55] INFO   Starting UpdateApplication using Java 1.8.0_231 on WeilXie with PID 11812 (D:\workspace\update\target\classes started by Weil in D:\workspace\update)
2023-02-08 16:21:37.817 [org.springframework.boot.SpringApplication:634] INFO   No active profile set, falling back to 1 default profile: "default"
2023-02-08 16:21:38.463 [org.springframework.boot.web.embedded.tomcat.TomcatWebServer:108] INFO   Tomcat initialized with port(s): 8090 (http)
2023-02-08 16:21:38.471 [org.apache.juli.logging.DirectJDKLog:173] INFO   Initializing ProtocolHandler ["http-nio-8090"]
2023-02-08 16:21:38.472 [org.apache.juli.logging.DirectJDKLog:173] INFO   Starting service [Tomcat]
2023-02-08 16:21:38.472 [org.apache.juli.logging.DirectJDKLog:173] INFO   Starting Servlet engine: [Apache Tomcat/9.0.65]
2023-02-08 16:21:38.534 [org.apache.juli.logging.DirectJDKLog:173] INFO   Initializing Spring embedded WebApplicationContext
2023-02-08 16:21:38.534 [org.springframework.boot.web.servlet.context.ServletWebServerApplicationContext:292] INFO   Root WebApplicationContext: initialization completed in 688 ms
2023-02-08 16:21:39.059 [com.zaxxer.hikari.HikariDataSource:110] INFO   HikariPool-1 - Starting...
2023-02-08 16:21:39.142 [com.zaxxer.hikari.HikariDataSource:123] INFO   HikariPool-1 - Start completed.
2023-02-08 16:21:39.181 [org.apache.juli.logging.DirectJDKLog:173] INFO   Starting ProtocolHandler ["http-nio-8090"]
2023-02-08 16:21:39.196 [org.springframework.boot.web.embedded.tomcat.TomcatWebServer:220] INFO   Tomcat started on port(s): 8090 (http) with context path ''
2023-02-08 16:21:39.202 [org.springframework.boot.StartupInfoLogger:61] INFO   Started UpdateApplication in 1.689 seconds (JVM running for 2.264)
2023-02-08 16:21:48.400 [org.apache.juli.logging.DirectJDKLog:173] INFO   Initializing Spring DispatcherServlet 'dispatcherServlet'
2023-02-08 16:21:48.401 [org.springframework.web.servlet.FrameworkServlet:525] INFO   Initializing Servlet 'dispatcherServlet'
2023-02-08 16:21:48.401 [org.springframework.web.servlet.FrameworkServlet:547] INFO   Completed initialization in 0 ms
2023-02-08 16:21:51.072 [com.xw.controller.UpdateCoreController:86] INFO   当前CEV2.0test1中的CEWeb.war更新完毕
2023-02-08 16:22:39.658 [com.xw.service.UpdateCoreServiceImpl:90] INFO   初次更新jar包：CEWeb.war 中的 CEWeb.war\com/cs/ce/rest/service/CERecvMessgaeByAPIProcessor.class 文件
2023-02-08 16:22:39.665 [com.xw.service.UpdateCoreServiceImpl:90] INFO   初次更新jar包：CEWeb.war 中的 CEWeb.war\com/cs/ceweb/catalog/clause/CEGetCataClause.class 文件
2023-02-08 16:22:39.672 [com.xw.service.UpdateCoreServiceImpl:90] INFO   初次更新jar包：CEWeb.war 中的 CEWeb.war\com/cs/ceweb/catalog/clause/t2.txt 文件
2023-02-08 16:22:39.672 [com.xw.service.OperationServiceImpl:303] INFO   文件 D:/workspace\admin\CE\CEWeb.war\com/cs/ceweb/catalog/clause/t2.txt不存在
2023-02-08 16:22:39.675 [com.xw.controller.UpdateCoreController:86] INFO   当前CEV2.0test1中的CEWeb.war更新完毕
